#! /usr/local/Cellar/icarus-verilog/11.0/bin/vvp
:ivl_version "11.0 (stable)";
:ivl_delay_selection "TYPICAL";
:vpi_time_precision - 12;
:vpi_module "/usr/local/Cellar/icarus-verilog/11.0/lib/ivl/system.vpi";
:vpi_module "/usr/local/Cellar/icarus-verilog/11.0/lib/ivl/vhdl_sys.vpi";
:vpi_module "/usr/local/Cellar/icarus-verilog/11.0/lib/ivl/vhdl_textio.vpi";
:vpi_module "/usr/local/Cellar/icarus-verilog/11.0/lib/ivl/v2005_math.vpi";
:vpi_module "/usr/local/Cellar/icarus-verilog/11.0/lib/ivl/va_math.vpi";
:vpi_module "/usr/local/Cellar/icarus-verilog/11.0/lib/ivl/v2009.vpi";
S_0x7fcbeac432d0 .scope package, "$unit" "$unit" 2 1;
 .timescale 0 0;
S_0x7fcbeac42f30 .scope module, "projection_tb" "projection_tb" 3 4;
 .timescale -9 -12;
P_0x7fcbeac31ec0 .param/l "N_TRACKING_POINTS" 1 3 7, +C4<00000000000000000000000000000100>;
v0x7fcbeac5b660_0 .net/s "ball_vectors_x", 47 0, v0x7fcbeac58980_0;  1 drivers
v0x7fcbeac5b760_0 .net/s "ball_vectors_y", 47 0, v0x7fcbeac58a50_0;  1 drivers
v0x7fcbeac5b7f0_0 .var "blue_x_com", 10 0;
v0x7fcbeac5b880_0 .var "blue_y_com", 9 0;
v0x7fcbeac5b930_0 .var "clk_in", 0 0;
v0x7fcbeac5ba00_0 .net "color_proj", 3 0, v0x7fcbeac57c10_0;  1 drivers
v0x7fcbeac5bad0_0 .var "green_x_com", 10 0;
v0x7fcbeac5bb60_0 .var "green_y_com", 9 0;
v0x7fcbeac5bbf0_0 .var "point_color", 3 0;
v0x7fcbeac5bd20_0 .var/s "point_scalars", 47 0;
v0x7fcbeac5bdb0_0 .var "purple_x_com", 10 0;
v0x7fcbeac5be60_0 .var "purple_y_com", 9 0;
v0x7fcbeac5bf10_0 .var "red_x_com", 10 0;
v0x7fcbeac5bfe0_0 .var "red_y_com", 9 0;
v0x7fcbeac5c0b0_0 .var "rst_in", 0 0;
v0x7fcbeac5c140_0 .var "valid_blue", 0 0;
v0x7fcbeac5c1d0_0 .var "valid_green", 0 0;
v0x7fcbeac5c360_0 .var "valid_purple", 0 0;
v0x7fcbeac5c3f0_0 .var "valid_red", 0 0;
v0x7fcbeac5c480_0 .net/s "x", 31 0, v0x7fcbeac5ac70_0;  1 drivers
v0x7fcbeac5c510_0 .net/s "x_proj", 31 0, v0x7fcbeac57fe0_0;  1 drivers
v0x7fcbeac5c5e0_0 .net/s "y", 31 0, v0x7fcbeac5b140_0;  1 drivers
v0x7fcbeac5c670_0 .net/s "y_proj", 31 0, v0x7fcbeac58280_0;  1 drivers
S_0x7fcbeac42b90 .scope module, "uut" "projection" 3 61, 4 5 0, S_0x7fcbeac42f30;
 .timescale -9 -12;
    .port_info 0 /INPUT 1 "clk_in";
    .port_info 1 /INPUT 1 "rst_in";
    .port_info 2 /INPUT 48 "x_vec";
    .port_info 3 /INPUT 48 "y_vec";
    .port_info 4 /INPUT 48 "point_scalars";
    .port_info 5 /INPUT 4 "point_color";
    .port_info 6 /INPUT 11 "x_origin";
    .port_info 7 /INPUT 10 "y_origin";
    .port_info 8 /OUTPUT 32 "x_proj";
    .port_info 9 /OUTPUT 32 "y_proj";
    .port_info 10 /OUTPUT 4 "color_proj";
P_0x7fcbeac16660 .param/l "N_TRACKING_POINTS" 0 4 6, +C4<00000000000000000000000000000100>;
P_0x7fcbeac166a0 .param/l "N_VIRTUAL_POINTS" 0 4 7, +C4<00000000000000000000000000001000>;
v0x7fcbeac48740_0 .net "clk_in", 0 0, v0x7fcbeac5b930_0;  1 drivers
v0x7fcbeac57c10_0 .var "color_proj", 3 0;
v0x7fcbeac57cb0_0 .var "index", 2 0;
v0x7fcbeac57d40_0 .net "point_color", 3 0, v0x7fcbeac5bbf0_0;  1 drivers
v0x7fcbeac57dd0_0 .net/s "point_scalars", 47 0, v0x7fcbeac5bd20_0;  1 drivers
v0x7fcbeac57ea0_0 .net "rst_in", 0 0, v0x7fcbeac5c0b0_0;  1 drivers
v0x7fcbeac57f30_0 .net "x_origin", 10 0, v0x7fcbeac5bf10_0;  1 drivers
v0x7fcbeac57fe0_0 .var/s "x_proj", 31 0;
v0x7fcbeac58090_0 .net/s "x_vec", 47 0, v0x7fcbeac58980_0;  alias, 1 drivers
v0x7fcbeac581d0_0 .net "y_origin", 9 0, v0x7fcbeac5bfe0_0;  1 drivers
v0x7fcbeac58280_0 .var/s "y_proj", 31 0;
v0x7fcbeac58330_0 .net/s "y_vec", 47 0, v0x7fcbeac58a50_0;  alias, 1 drivers
E_0x7fcbeac464c0 .event posedge, v0x7fcbeac48740_0;
S_0x7fcbeac58500 .scope module, "uut1" "vectors" 3 33, 5 4 0, S_0x7fcbeac42f30;
 .timescale -9 -12;
    .port_info 0 /INPUT 1 "clk_in";
    .port_info 1 /INPUT 1 "rst_in";
    .port_info 2 /INPUT 11 "red_x_com";
    .port_info 3 /INPUT 10 "red_y_com";
    .port_info 4 /INPUT 11 "purple_x_com";
    .port_info 5 /INPUT 10 "purple_y_com";
    .port_info 6 /INPUT 11 "green_x_com";
    .port_info 7 /INPUT 10 "green_y_com";
    .port_info 8 /INPUT 11 "blue_x_com";
    .port_info 9 /INPUT 10 "blue_y_com";
    .port_info 10 /INPUT 1 "valid_blue";
    .port_info 11 /INPUT 1 "valid_red";
    .port_info 12 /INPUT 1 "valid_green";
    .port_info 13 /INPUT 1 "valid_purple";
    .port_info 14 /OUTPUT 48 "ball_vectors_x";
    .port_info 15 /OUTPUT 48 "ball_vectors_y";
P_0x7fcbeac586c0 .param/l "N_TRACKING_POINTS" 0 5 5, +C4<00000000000000000000000000000100>;
P_0x7fcbeac58700 .param/l "N_VIRTUAL_POINTS" 0 5 6, +C4<00000000000000000000000000110000>;
enum0x7fcbeac2fcc0 .enum2/s (32)
   "IDLE" 0,
   "CALCULATING" 1
 ;
v0x7fcbeac58980_0 .var/s "ball_vectors_x", 47 0;
v0x7fcbeac58a50_0 .var/s "ball_vectors_y", 47 0;
v0x7fcbeac58b20_0 .net "blue_x_com", 10 0, v0x7fcbeac5b7f0_0;  1 drivers
v0x7fcbeac58bd0_0 .var "blue_x_stored", 10 0;
v0x7fcbeac58c70_0 .net "blue_y_com", 9 0, v0x7fcbeac5b880_0;  1 drivers
v0x7fcbeac58d60_0 .var "blue_y_stored", 9 0;
v0x7fcbeac58e10_0 .net "clk_in", 0 0, v0x7fcbeac5b930_0;  alias, 1 drivers
v0x7fcbeac58ea0_0 .net "green_x_com", 10 0, v0x7fcbeac5bad0_0;  1 drivers
v0x7fcbeac58f40_0 .var "green_x_stored", 10 0;
v0x7fcbeac59070_0 .net "green_y_com", 9 0, v0x7fcbeac5bb60_0;  1 drivers
v0x7fcbeac59120_0 .var "green_y_stored", 9 0;
v0x7fcbeac591d0_0 .var "has_blue", 0 0;
v0x7fcbeac59270_0 .var "has_green", 0 0;
v0x7fcbeac59310_0 .var "has_purple", 0 0;
v0x7fcbeac593b0_0 .var "has_red", 0 0;
v0x7fcbeac59450_0 .net "purple_x_com", 10 0, v0x7fcbeac5bdb0_0;  1 drivers
v0x7fcbeac59500_0 .var "purple_x_stored", 10 0;
v0x7fcbeac59690_0 .net "purple_y_com", 9 0, v0x7fcbeac5be60_0;  1 drivers
v0x7fcbeac59720_0 .var "purple_y_stored", 9 0;
v0x7fcbeac597d0_0 .net "red_x_com", 10 0, v0x7fcbeac5bf10_0;  alias, 1 drivers
v0x7fcbeac59890_0 .var "red_x_stored", 10 0;
v0x7fcbeac59920_0 .net "red_y_com", 9 0, v0x7fcbeac5bfe0_0;  alias, 1 drivers
v0x7fcbeac599b0_0 .var "red_y_stored", 9 0;
v0x7fcbeac59a40_0 .net "rst_in", 0 0, v0x7fcbeac5c0b0_0;  alias, 1 drivers
v0x7fcbeac59ad0_0 .var/2s "state", 31 0;
v0x7fcbeac59b60_0 .net "valid_blue", 0 0, v0x7fcbeac5c140_0;  1 drivers
v0x7fcbeac59c00_0 .net "valid_green", 0 0, v0x7fcbeac5c1d0_0;  1 drivers
v0x7fcbeac59ca0_0 .net "valid_purple", 0 0, v0x7fcbeac5c360_0;  1 drivers
v0x7fcbeac59d40_0 .net "valid_red", 0 0, v0x7fcbeac5c3f0_0;  1 drivers
S_0x7fcbeac59f60 .scope module, "uut2" "line_gen" 3 73, 6 4 0, S_0x7fcbeac42f30;
 .timescale -9 -12;
    .port_info 0 /INPUT 1 "clk_in";
    .port_info 1 /INPUT 1 "rst_in";
    .port_info 2 /INPUT 1 "data_valid_in";
    .port_info 3 /INPUT 32 "x_in";
    .port_info 4 /INPUT 32 "y_in";
    .port_info 5 /INPUT 4 "color_in";
    .port_info 6 /OUTPUT 32 "x_start_test";
    .port_info 7 /OUTPUT 32 "y_start_test";
    .port_info 8 /OUTPUT 32 "x_end_test";
    .port_info 9 /OUTPUT 32 "y_end_test";
    .port_info 10 /OUTPUT 32 "x";
    .port_info 11 /OUTPUT 32 "y";
    .port_info 12 /OUTPUT 4 "color";
    .port_info 13 /OUTPUT 1 "next_point";
enum0x7fcbeac309d0 .enum2/s (32)
   "IDLE" 0,
   "DRAWING" 1
 ;
L_0x7fcbeac5c740 .functor BUFZ 32, v0x7fcbeac5b020_0, C4<00000000000000000000000000000000>, C4<00000000000000000000000000000000>, C4<00000000000000000000000000000000>;
L_0x7fcbeac5c7b0 .functor BUFZ 32, v0x7fcbeac5b3c0_0, C4<00000000000000000000000000000000>, C4<00000000000000000000000000000000>, C4<00000000000000000000000000000000>;
L_0x7fcbeac5c860 .functor BUFZ 32, v0x7fcbeac5ad20_0, C4<00000000000000000000000000000000>, C4<00000000000000000000000000000000>, C4<00000000000000000000000000000000>;
L_0x7fcbeac5c930 .functor BUFZ 32, v0x7fcbeac5b1d0_0, C4<00000000000000000000000000000000>, C4<00000000000000000000000000000000>, C4<00000000000000000000000000000000>;
v0x7fcbeac5a290_0 .net "clk_in", 0 0, v0x7fcbeac5b930_0;  alias, 1 drivers
v0x7fcbeac5a360_0 .var "color", 3 0;
v0x7fcbeac5a400_0 .var/s "color_end", 3 0;
v0x7fcbeac5a4b0_0 .net "color_in", 3 0, v0x7fcbeac57c10_0;  alias, 1 drivers
L_0x7fcbeae63008 .functor BUFT 1, C4<1>, C4<0>, C4<0>, C4<0>;
v0x7fcbeac5a570_0 .net "data_valid_in", 0 0, L_0x7fcbeae63008;  1 drivers
v0x7fcbeac5a640_0 .var/s "dx", 31 0;
v0x7fcbeac5a6f0_0 .var/s "dy", 31 0;
v0x7fcbeac5a7a0_0 .var/s "err", 31 0;
v0x7fcbeac5a850_0 .var "has_first_point", 0 0;
v0x7fcbeac5a960_0 .var "next_point", 0 0;
v0x7fcbeac5a9f0_0 .net "rst_in", 0 0, v0x7fcbeac5c0b0_0;  alias, 1 drivers
v0x7fcbeac5aa80_0 .var/2s "state", 31 0;
v0x7fcbeac5ab30_0 .var "sx", 0 0;
v0x7fcbeac5abd0_0 .var "sy", 0 0;
v0x7fcbeac5ac70_0 .var/s "x", 31 0;
v0x7fcbeac5ad20_0 .var/s "x_end", 31 0;
v0x7fcbeac5add0_0 .net/s "x_end_test", 31 0, L_0x7fcbeac5c860;  1 drivers
v0x7fcbeac5af60_0 .net/s "x_in", 31 0, v0x7fcbeac57fe0_0;  alias, 1 drivers
v0x7fcbeac5b020_0 .var/s "x_start", 31 0;
v0x7fcbeac5b0b0_0 .net/s "x_start_test", 31 0, L_0x7fcbeac5c740;  1 drivers
v0x7fcbeac5b140_0 .var/s "y", 31 0;
v0x7fcbeac5b1d0_0 .var/s "y_end", 31 0;
v0x7fcbeac5b260_0 .net/s "y_end_test", 31 0, L_0x7fcbeac5c930;  1 drivers
v0x7fcbeac5b300_0 .net/s "y_in", 31 0, v0x7fcbeac58280_0;  alias, 1 drivers
v0x7fcbeac5b3c0_0 .var/s "y_start", 31 0;
v0x7fcbeac5b460_0 .net/s "y_start_test", 31 0, L_0x7fcbeac5c7b0;  1 drivers
    .scope S_0x7fcbeac58500;
T_0 ;
    %wait E_0x7fcbeac464c0;
    %load/vec4 v0x7fcbeac59a40_0;
    %flag_set/vec4 8;
    %jmp/0xz  T_0.0, 8;
    %pushi/vec4 0, 0, 48;
    %assign/vec4 v0x7fcbeac58980_0, 0;
    %pushi/vec4 0, 0, 48;
    %assign/vec4 v0x7fcbeac58a50_0, 0;
    %jmp T_0.1;
T_0.0 ;
    %load/vec4 v0x7fcbeac59ad0_0;
    %dup/vec4;
    %pushi/vec4 1, 0, 32;
    %cmp/u;
    %jmp/1 T_0.2, 6;
    %load/vec4 v0x7fcbeac59270_0;
    %load/vec4 v0x7fcbeac591d0_0;
    %and;
    %load/vec4 v0x7fcbeac593b0_0;
    %and;
    %load/vec4 v0x7fcbeac59310_0;
    %and;
    %flag_set/vec4 8;
    %jmp/0xz  T_0.5, 8;
    %pushi/vec4 1, 0, 32;
    %assign/vec4 v0x7fcbeac59ad0_0, 0;
    %pushi/vec4 0, 0, 1;
    %assign/vec4 v0x7fcbeac59270_0, 0;
    %pushi/vec4 0, 0, 1;
    %assign/vec4 v0x7fcbeac591d0_0, 0;
    %pushi/vec4 0, 0, 1;
    %assign/vec4 v0x7fcbeac59310_0, 0;
    %pushi/vec4 0, 0, 1;
    %assign/vec4 v0x7fcbeac593b0_0, 0;
    %jmp T_0.6;
T_0.5 ;
    %load/vec4 v0x7fcbeac59d40_0;
    %flag_set/vec4 8;
    %jmp/0xz  T_0.7, 8;
    %load/vec4 v0x7fcbeac597d0_0;
    %assign/vec4 v0x7fcbeac59890_0, 0;
    %load/vec4 v0x7fcbeac59920_0;
    %assign/vec4 v0x7fcbeac599b0_0, 0;
    %pushi/vec4 1, 0, 1;
    %assign/vec4 v0x7fcbeac593b0_0, 0;
T_0.7 ;
    %load/vec4 v0x7fcbeac59b60_0;
    %flag_set/vec4 8;
    %jmp/0xz  T_0.9, 8;
    %load/vec4 v0x7fcbeac58b20_0;
    %assign/vec4 v0x7fcbeac58bd0_0, 0;
    %load/vec4 v0x7fcbeac58c70_0;
    %assign/vec4 v0x7fcbeac58d60_0, 0;
    %pushi/vec4 1, 0, 1;
    %assign/vec4 v0x7fcbeac591d0_0, 0;
T_0.9 ;
    %load/vec4 v0x7fcbeac59ca0_0;
    %flag_set/vec4 8;
    %jmp/0xz  T_0.11, 8;
    %load/vec4 v0x7fcbeac59450_0;
    %assign/vec4 v0x7fcbeac59500_0, 0;
    %load/vec4 v0x7fcbeac59690_0;
    %assign/vec4 v0x7fcbeac59720_0, 0;
    %pushi/vec4 1, 0, 1;
    %assign/vec4 v0x7fcbeac59310_0, 0;
T_0.11 ;
    %load/vec4 v0x7fcbeac59c00_0;
    %flag_set/vec4 8;
    %jmp/0xz  T_0.13, 8;
    %load/vec4 v0x7fcbeac58ea0_0;
    %assign/vec4 v0x7fcbeac58f40_0, 0;
    %load/vec4 v0x7fcbeac59070_0;
    %assign/vec4 v0x7fcbeac59120_0, 0;
    %pushi/vec4 1, 0, 1;
    %assign/vec4 v0x7fcbeac59270_0, 0;
T_0.13 ;
T_0.6 ;
    %jmp T_0.4;
T_0.2 ;
    %pushi/vec4 0, 0, 32;
    %assign/vec4 v0x7fcbeac59ad0_0, 0;
    %pushi/vec4 0, 0, 1;
    %load/vec4 v0x7fcbeac58f40_0;
    %concat/vec4; draw_concat_vec4
    %pad/s 16;
    %pushi/vec4 0, 0, 1;
    %load/vec4 v0x7fcbeac59890_0;
    %concat/vec4; draw_concat_vec4
    %pad/s 16;
    %sub;
    %ix/load 4, 0, 0;
    %ix/load 5, 0, 0;
    %flag_set/imm 4, 0;
    %assign/vec4/off/d v0x7fcbeac58980_0, 4, 5;
    %pushi/vec4 0, 0, 1;
    %load/vec4 v0x7fcbeac59120_0;
    %concat/vec4; draw_concat_vec4
    %pad/s 16;
    %pushi/vec4 0, 0, 1;
    %load/vec4 v0x7fcbeac599b0_0;
    %concat/vec4; draw_concat_vec4
    %pad/s 16;
    %sub;
    %ix/load 4, 0, 0;
    %ix/load 5, 0, 0;
    %flag_set/imm 4, 0;
    %assign/vec4/off/d v0x7fcbeac58a50_0, 4, 5;
    %pushi/vec4 0, 0, 1;
    %load/vec4 v0x7fcbeac58bd0_0;
    %concat/vec4; draw_concat_vec4
    %pad/s 16;
    %pushi/vec4 0, 0, 1;
    %load/vec4 v0x7fcbeac59890_0;
    %concat/vec4; draw_concat_vec4
    %pad/s 16;
    %sub;
    %ix/load 4, 16, 0;
    %ix/load 5, 0, 0;
    %flag_set/imm 4, 0;
    %assign/vec4/off/d v0x7fcbeac58980_0, 4, 5;
    %pushi/vec4 0, 0, 1;
    %load/vec4 v0x7fcbeac58d60_0;
    %concat/vec4; draw_concat_vec4
    %pad/s 16;
    %pushi/vec4 0, 0, 1;
    %load/vec4 v0x7fcbeac599b0_0;
    %concat/vec4; draw_concat_vec4
    %pad/s 16;
    %sub;
    %ix/load 4, 16, 0;
    %ix/load 5, 0, 0;
    %flag_set/imm 4, 0;
    %assign/vec4/off/d v0x7fcbeac58a50_0, 4, 5;
    %pushi/vec4 0, 0, 1;
    %load/vec4 v0x7fcbeac59500_0;
    %concat/vec4; draw_concat_vec4
    %pad/s 16;
    %pushi/vec4 0, 0, 1;
    %load/vec4 v0x7fcbeac59890_0;
    %concat/vec4; draw_concat_vec4
    %pad/s 16;
    %sub;
    %ix/load 4, 32, 0;
    %ix/load 5, 0, 0;
    %flag_set/imm 4, 0;
    %assign/vec4/off/d v0x7fcbeac58980_0, 4, 5;
    %pushi/vec4 0, 0, 1;
    %load/vec4 v0x7fcbeac59720_0;
    %concat/vec4; draw_concat_vec4
    %pad/s 16;
    %pushi/vec4 0, 0, 1;
    %load/vec4 v0x7fcbeac599b0_0;
    %concat/vec4; draw_concat_vec4
    %pad/s 16;
    %sub;
    %ix/load 4, 32, 0;
    %ix/load 5, 0, 0;
    %flag_set/imm 4, 0;
    %assign/vec4/off/d v0x7fcbeac58a50_0, 4, 5;
    %jmp T_0.4;
T_0.4 ;
    %pop/vec4 1;
T_0.1 ;
    %jmp T_0;
    .thread T_0;
    .scope S_0x7fcbeac42b90;
T_1 ;
    %wait E_0x7fcbeac464c0;
    %load/vec4 v0x7fcbeac57ea0_0;
    %flag_set/vec4 8;
    %jmp/0xz  T_1.0, 8;
    %pushi/vec4 0, 0, 3;
    %assign/vec4 v0x7fcbeac57cb0_0, 0;
    %pushi/vec4 0, 0, 32;
    %assign/vec4 v0x7fcbeac57fe0_0, 0;
    %pushi/vec4 0, 0, 32;
    %assign/vec4 v0x7fcbeac58280_0, 0;
    %pushi/vec4 0, 0, 4;
    %assign/vec4 v0x7fcbeac57c10_0, 0;
    %jmp T_1.1;
T_1.0 ;
    %load/vec4 v0x7fcbeac58090_0;
    %parti/s 16, 0, 2;
    %concati/vec4 0, 0, 8;
    %pad/s 32;
    %load/vec4 v0x7fcbeac57dd0_0;
    %parti/s 16, 0, 2;
    %pad/s 32;
    %mul;
    %ix/load 4, 16, 0;
    %flag_set/imm 4, 0;
    %shiftr/s 4;
    %load/vec4 v0x7fcbeac58090_0;
    %parti/s 16, 16, 6;
    %concati/vec4 0, 0, 8;
    %pad/s 32;
    %load/vec4 v0x7fcbeac57dd0_0;
    %parti/s 16, 16, 6;
    %pad/s 32;
    %mul;
    %ix/load 4, 16, 0;
    %flag_set/imm 4, 0;
    %shiftr/s 4;
    %add;
    %load/vec4 v0x7fcbeac58090_0;
    %parti/s 16, 32, 7;
    %concati/vec4 0, 0, 8;
    %pad/s 32;
    %load/vec4 v0x7fcbeac57dd0_0;
    %parti/s 16, 32, 7;
    %pad/s 32;
    %mul;
    %ix/load 4, 16, 0;
    %flag_set/imm 4, 0;
    %shiftr/s 4;
    %add;
    %pushi/vec4 0, 0, 1;
    %load/vec4 v0x7fcbeac57f30_0;
    %concat/vec4; draw_concat_vec4
    %pad/s 32;
    %add;
    %assign/vec4 v0x7fcbeac57fe0_0, 0;
    %load/vec4 v0x7fcbeac58330_0;
    %parti/s 16, 0, 2;
    %concati/vec4 0, 0, 8;
    %pad/s 32;
    %load/vec4 v0x7fcbeac57dd0_0;
    %parti/s 16, 0, 2;
    %pad/s 32;
    %mul;
    %ix/load 4, 16, 0;
    %flag_set/imm 4, 0;
    %shiftr/s 4;
    %load/vec4 v0x7fcbeac58330_0;
    %parti/s 16, 16, 6;
    %concati/vec4 0, 0, 8;
    %pad/s 32;
    %load/vec4 v0x7fcbeac57dd0_0;
    %parti/s 16, 16, 6;
    %pad/s 32;
    %mul;
    %ix/load 4, 16, 0;
    %flag_set/imm 4, 0;
    %shiftr/s 4;
    %add;
    %load/vec4 v0x7fcbeac58330_0;
    %parti/s 16, 32, 7;
    %concati/vec4 0, 0, 8;
    %pad/s 32;
    %load/vec4 v0x7fcbeac57dd0_0;
    %parti/s 16, 32, 7;
    %pad/s 32;
    %mul;
    %ix/load 4, 16, 0;
    %flag_set/imm 4, 0;
    %shiftr/s 4;
    %add;
    %pushi/vec4 0, 0, 1;
    %load/vec4 v0x7fcbeac581d0_0;
    %concat/vec4; draw_concat_vec4
    %pad/s 32;
    %add;
    %assign/vec4 v0x7fcbeac58280_0, 0;
    %load/vec4 v0x7fcbeac57d40_0;
    %assign/vec4 v0x7fcbeac57c10_0, 0;
T_1.1 ;
    %jmp T_1;
    .thread T_1;
    .scope S_0x7fcbeac59f60;
T_2 ;
    %wait E_0x7fcbeac464c0;
    %load/vec4 v0x7fcbeac5a9f0_0;
    %flag_set/vec4 8;
    %jmp/0xz  T_2.0, 8;
    %pushi/vec4 0, 0, 32;
    %assign/vec4 v0x7fcbeac5a640_0, 0;
    %pushi/vec4 0, 0, 32;
    %assign/vec4 v0x7fcbeac5a6f0_0, 0;
    %pushi/vec4 1, 0, 1;
    %assign/vec4 v0x7fcbeac5ab30_0, 0;
    %pushi/vec4 1, 0, 1;
    %assign/vec4 v0x7fcbeac5abd0_0, 0;
    %pushi/vec4 0, 0, 32;
    %assign/vec4 v0x7fcbeac5a7a0_0, 0;
    %pushi/vec4 0, 0, 32;
    %assign/vec4 v0x7fcbeac5ac70_0, 0;
    %pushi/vec4 0, 0, 32;
    %assign/vec4 v0x7fcbeac5b140_0, 0;
    %pushi/vec4 0, 0, 32;
    %assign/vec4 v0x7fcbeac5aa80_0, 0;
    %pushi/vec4 0, 0, 1;
    %assign/vec4 v0x7fcbeac5a850_0, 0;
    %pushi/vec4 0, 0, 1;
    %assign/vec4 v0x7fcbeac5a960_0, 0;
    %jmp T_2.1;
T_2.0 ;
    %load/vec4 v0x7fcbeac5aa80_0;
    %dup/vec4;
    %pushi/vec4 1, 0, 32;
    %cmp/u;
    %jmp/1 T_2.2, 6;
    %load/vec4 v0x7fcbeac5a570_0;
    %flag_set/vec4 8;
    %jmp/0xz  T_2.5, 8;
    %load/vec4 v0x7fcbeac5a850_0;
    %nor/r;
    %flag_set/vec4 8;
    %jmp/0xz  T_2.7, 8;
    %pushi/vec4 1, 0, 1;
    %assign/vec4 v0x7fcbeac5a850_0, 0;
    %load/vec4 v0x7fcbeac5af60_0;
    %assign/vec4 v0x7fcbeac5ad20_0, 0;
    %load/vec4 v0x7fcbeac5b300_0;
    %assign/vec4 v0x7fcbeac5b1d0_0, 0;
    %load/vec4 v0x7fcbeac5a4b0_0;
    %assign/vec4 v0x7fcbeac5a360_0, 0;
    %jmp T_2.8;
T_2.7 ;
    %pushi/vec4 1, 0, 1;
    %assign/vec4 v0x7fcbeac5a960_0, 0;
    %pushi/vec4 1, 0, 32;
    %assign/vec4 v0x7fcbeac5aa80_0, 0;
    %load/vec4 v0x7fcbeac5ad20_0;
    %load/vec4 v0x7fcbeac5af60_0;
    %cmp/s;
    %flag_mov 8, 5;
    %jmp/0 T_2.9, 8;
    %load/vec4 v0x7fcbeac5af60_0;
    %load/vec4 v0x7fcbeac5ad20_0;
    %sub;
    %jmp/1 T_2.10, 8;
T_2.9 ; End of true expr.
    %load/vec4 v0x7fcbeac5ad20_0;
    %load/vec4 v0x7fcbeac5af60_0;
    %sub;
    %jmp/0 T_2.10, 8;
 ; End of false expr.
    %blend;
T_2.10;
    %store/vec4 v0x7fcbeac5a640_0, 0, 32;
    %load/vec4 v0x7fcbeac5ad20_0;
    %load/vec4 v0x7fcbeac5af60_0;
    %cmp/s;
    %flag_mov 8, 5;
    %jmp/0 T_2.11, 8;
    %pushi/vec4 1, 0, 2;
    %jmp/1 T_2.12, 8;
T_2.11 ; End of true expr.
    %pushi/vec4 0, 0, 2;
    %jmp/0 T_2.12, 8;
 ; End of false expr.
    %blend;
T_2.12;
    %pad/s 1;
    %store/vec4 v0x7fcbeac5ab30_0, 0, 1;
    %load/vec4 v0x7fcbeac5b1d0_0;
    %load/vec4 v0x7fcbeac5b300_0;
    %cmp/s;
    %flag_mov 8, 5;
    %jmp/0 T_2.13, 8;
    %load/vec4 v0x7fcbeac5b1d0_0;
    %load/vec4 v0x7fcbeac5b300_0;
    %sub;
    %jmp/1 T_2.14, 8;
T_2.13 ; End of true expr.
    %load/vec4 v0x7fcbeac5b300_0;
    %load/vec4 v0x7fcbeac5b1d0_0;
    %sub;
    %jmp/0 T_2.14, 8;
 ; End of false expr.
    %blend;
T_2.14;
    %store/vec4 v0x7fcbeac5a6f0_0, 0, 32;
    %load/vec4 v0x7fcbeac5b1d0_0;
    %load/vec4 v0x7fcbeac5b300_0;
    %cmp/s;
    %flag_mov 8, 5;
    %jmp/0 T_2.15, 8;
    %pushi/vec4 1, 0, 2;
    %jmp/1 T_2.16, 8;
T_2.15 ; End of true expr.
    %pushi/vec4 0, 0, 2;
    %jmp/0 T_2.16, 8;
 ; End of false expr.
    %blend;
T_2.16;
    %pad/s 1;
    %store/vec4 v0x7fcbeac5abd0_0, 0, 1;
    %load/vec4 v0x7fcbeac5ad20_0;
    %load/vec4 v0x7fcbeac5af60_0;
    %cmp/s;
    %flag_mov 8, 5;
    %jmp/0 T_2.17, 8;
    %load/vec4 v0x7fcbeac5af60_0;
    %load/vec4 v0x7fcbeac5ad20_0;
    %sub;
    %jmp/1 T_2.18, 8;
T_2.17 ; End of true expr.
    %load/vec4 v0x7fcbeac5ad20_0;
    %load/vec4 v0x7fcbeac5af60_0;
    %sub;
    %jmp/0 T_2.18, 8;
 ; End of false expr.
    %blend;
T_2.18;
    %load/vec4 v0x7fcbeac5b1d0_0;
    %load/vec4 v0x7fcbeac5b300_0;
    %cmp/s;
    %flag_mov 8, 5;
    %jmp/0 T_2.19, 8;
    %load/vec4 v0x7fcbeac5b1d0_0;
    %load/vec4 v0x7fcbeac5b300_0;
    %sub;
    %jmp/1 T_2.20, 8;
T_2.19 ; End of true expr.
    %load/vec4 v0x7fcbeac5b300_0;
    %load/vec4 v0x7fcbeac5b1d0_0;
    %sub;
    %jmp/0 T_2.20, 8;
 ; End of false expr.
    %blend;
T_2.20;
    %add;
    %assign/vec4 v0x7fcbeac5a7a0_0, 0;
    %load/vec4 v0x7fcbeac5ad20_0;
    %assign/vec4 v0x7fcbeac5ac70_0, 0;
    %load/vec4 v0x7fcbeac5b1d0_0;
    %assign/vec4 v0x7fcbeac5b140_0, 0;
    %load/vec4 v0x7fcbeac5af60_0;
    %assign/vec4 v0x7fcbeac5ad20_0, 0;
    %load/vec4 v0x7fcbeac5b300_0;
    %assign/vec4 v0x7fcbeac5b1d0_0, 0;
    %load/vec4 v0x7fcbeac5a4b0_0;
    %assign/vec4 v0x7fcbeac5a400_0, 0;
    %load/vec4 v0x7fcbeac5ad20_0;
    %assign/vec4 v0x7fcbeac5b020_0, 0;
    %load/vec4 v0x7fcbeac5b1d0_0;
    %assign/vec4 v0x7fcbeac5b3c0_0, 0;
    %load/vec4 v0x7fcbeac5a400_0;
    %assign/vec4 v0x7fcbeac5a360_0, 0;
T_2.8 ;
T_2.5 ;
    %jmp T_2.4;
T_2.2 ;
    %pushi/vec4 0, 0, 1;
    %assign/vec4 v0x7fcbeac5a960_0, 0;
    %load/vec4 v0x7fcbeac5ad20_0;
    %load/vec4 v0x7fcbeac5ac70_0;
    %cmp/e;
    %flag_get/vec4 4;
    %load/vec4 v0x7fcbeac5b1d0_0;
    %load/vec4 v0x7fcbeac5b140_0;
    %cmp/e;
    %flag_get/vec4 4;
    %and;
    %flag_set/vec4 8;
    %jmp/0xz  T_2.21, 8;
    %pushi/vec4 0, 0, 32;
    %assign/vec4 v0x7fcbeac5aa80_0, 0;
    %jmp T_2.22;
T_2.21 ;
    %load/vec4 v0x7fcbeac5a6f0_0;
    %load/vec4 v0x7fcbeac5a7a0_0;
    %muli 2, 0, 32;
    %cmp/s;
    %flag_get/vec4 4;
    %flag_get/vec4 5;
    %or;
    %load/vec4 v0x7fcbeac5a7a0_0;
    %muli 2, 0, 32;
    %load/vec4 v0x7fcbeac5a640_0;
    %cmp/s;
    %flag_get/vec4 4;
    %flag_get/vec4 5;
    %or;
    %and;
    %flag_set/vec4 8;
    %jmp/0xz  T_2.23, 8;
    %load/vec4 v0x7fcbeac5ab30_0;
    %flag_set/vec4 8;
    %jmp/0 T_2.25, 8;
    %load/vec4 v0x7fcbeac5ac70_0;
    %addi 1, 0, 32;
    %jmp/1 T_2.26, 8;
T_2.25 ; End of true expr.
    %load/vec4 v0x7fcbeac5ac70_0;
    %subi 1, 0, 32;
    %jmp/0 T_2.26, 8;
 ; End of false expr.
    %blend;
T_2.26;
    %assign/vec4 v0x7fcbeac5ac70_0, 0;
    %load/vec4 v0x7fcbeac5abd0_0;
    %flag_set/vec4 8;
    %jmp/0 T_2.27, 8;
    %load/vec4 v0x7fcbeac5b140_0;
    %addi 1, 0, 32;
    %jmp/1 T_2.28, 8;
T_2.27 ; End of true expr.
    %load/vec4 v0x7fcbeac5b140_0;
    %subi 1, 0, 32;
    %jmp/0 T_2.28, 8;
 ; End of false expr.
    %blend;
T_2.28;
    %assign/vec4 v0x7fcbeac5b140_0, 0;
    %load/vec4 v0x7fcbeac5a7a0_0;
    %load/vec4 v0x7fcbeac5a640_0;
    %add;
    %load/vec4 v0x7fcbeac5a6f0_0;
    %add;
    %assign/vec4 v0x7fcbeac5a7a0_0, 0;
    %jmp T_2.24;
T_2.23 ;
    %load/vec4 v0x7fcbeac5a6f0_0;
    %load/vec4 v0x7fcbeac5a7a0_0;
    %muli 2, 0, 32;
    %cmp/s;
    %flag_or 5, 4;
    %jmp/0xz  T_2.29, 5;
    %load/vec4 v0x7fcbeac5ab30_0;
    %flag_set/vec4 8;
    %jmp/0 T_2.31, 8;
    %load/vec4 v0x7fcbeac5ac70_0;
    %addi 1, 0, 32;
    %jmp/1 T_2.32, 8;
T_2.31 ; End of true expr.
    %load/vec4 v0x7fcbeac5ac70_0;
    %subi 1, 0, 32;
    %jmp/0 T_2.32, 8;
 ; End of false expr.
    %blend;
T_2.32;
    %assign/vec4 v0x7fcbeac5ac70_0, 0;
    %load/vec4 v0x7fcbeac5a7a0_0;
    %load/vec4 v0x7fcbeac5a6f0_0;
    %add;
    %assign/vec4 v0x7fcbeac5a7a0_0, 0;
    %jmp T_2.30;
T_2.29 ;
    %load/vec4 v0x7fcbeac5a7a0_0;
    %muli 2, 0, 32;
    %load/vec4 v0x7fcbeac5a640_0;
    %cmp/s;
    %flag_or 5, 4;
    %jmp/0xz  T_2.33, 5;
    %load/vec4 v0x7fcbeac5abd0_0;
    %flag_set/vec4 8;
    %jmp/0 T_2.35, 8;
    %load/vec4 v0x7fcbeac5b140_0;
    %addi 1, 0, 32;
    %jmp/1 T_2.36, 8;
T_2.35 ; End of true expr.
    %load/vec4 v0x7fcbeac5b140_0;
    %subi 1, 0, 32;
    %jmp/0 T_2.36, 8;
 ; End of false expr.
    %blend;
T_2.36;
    %assign/vec4 v0x7fcbeac5b140_0, 0;
    %load/vec4 v0x7fcbeac5a7a0_0;
    %load/vec4 v0x7fcbeac5a640_0;
    %add;
    %assign/vec4 v0x7fcbeac5a7a0_0, 0;
T_2.33 ;
T_2.30 ;
T_2.24 ;
T_2.22 ;
    %jmp T_2.4;
T_2.4 ;
    %pop/vec4 1;
T_2.1 ;
    %jmp T_2;
    .thread T_2;
    .scope S_0x7fcbeac42f30;
T_3 ;
    %delay 5000, 0;
    %load/vec4 v0x7fcbeac5b930_0;
    %nor/r;
    %store/vec4 v0x7fcbeac5b930_0, 0, 1;
    %jmp T_3;
    .thread T_3;
    .scope S_0x7fcbeac42f30;
T_4 ;
    %vpi_call/w 3 90 "$dumpfile", "projection.vcd" {0 0 0};
    %vpi_call/w 3 91 "$dumpvars", 32'sb00000000000000000000000000000000, S_0x7fcbeac42f30 {0 0 0};
    %vpi_call/w 3 92 "$display", "Starting Sim" {0 0 0};
    %pushi/vec4 0, 0, 1;
    %store/vec4 v0x7fcbeac5b930_0, 0, 1;
    %pushi/vec4 0, 0, 1;
    %store/vec4 v0x7fcbeac5c0b0_0, 0, 1;
    %pushi/vec4 1, 0, 4;
    %store/vec4 v0x7fcbeac5bbf0_0, 0, 4;
    %pushi/vec4 3221225472, 0, 38;
    %concati/vec4 0, 0, 10;
    %store/vec4 v0x7fcbeac5bd20_0, 0, 48;
    %pushi/vec4 0, 0, 11;
    %assign/vec4 v0x7fcbeac5bf10_0, 0;
    %pushi/vec4 0, 0, 10;
    %assign/vec4 v0x7fcbeac5bfe0_0, 0;
    %delay 10000, 0;
    %pushi/vec4 1, 0, 1;
    %store/vec4 v0x7fcbeac5c0b0_0, 0, 1;
    %delay 10000, 0;
    %pushi/vec4 0, 0, 1;
    %store/vec4 v0x7fcbeac5c0b0_0, 0, 1;
    %delay 10000, 0;
    %pushi/vec4 1, 0, 1;
    %store/vec4 v0x7fcbeac5c140_0, 0, 1;
    %pushi/vec4 1, 0, 1;
    %store/vec4 v0x7fcbeac5c3f0_0, 0, 1;
    %pushi/vec4 1, 0, 1;
    %store/vec4 v0x7fcbeac5c1d0_0, 0, 1;
    %pushi/vec4 1, 0, 1;
    %store/vec4 v0x7fcbeac5c360_0, 0, 1;
    %pushi/vec4 300, 0, 11;
    %store/vec4 v0x7fcbeac5bf10_0, 0, 11;
    %pushi/vec4 300, 0, 10;
    %store/vec4 v0x7fcbeac5bfe0_0, 0, 10;
    %pushi/vec4 300, 0, 11;
    %store/vec4 v0x7fcbeac5bdb0_0, 0, 11;
    %pushi/vec4 200, 0, 10;
    %store/vec4 v0x7fcbeac5be60_0, 0, 10;
    %pushi/vec4 400, 0, 11;
    %store/vec4 v0x7fcbeac5bad0_0, 0, 11;
    %pushi/vec4 300, 0, 10;
    %store/vec4 v0x7fcbeac5bb60_0, 0, 10;
    %pushi/vec4 250, 0, 11;
    %store/vec4 v0x7fcbeac5b7f0_0, 0, 11;
    %pushi/vec4 350, 0, 10;
    %store/vec4 v0x7fcbeac5b880_0, 0, 10;
    %delay 10000, 0;
    %pushi/vec4 0, 0, 1;
    %store/vec4 v0x7fcbeac5c140_0, 0, 1;
    %pushi/vec4 0, 0, 1;
    %store/vec4 v0x7fcbeac5c3f0_0, 0, 1;
    %pushi/vec4 0, 0, 1;
    %store/vec4 v0x7fcbeac5c1d0_0, 0, 1;
    %pushi/vec4 0, 0, 1;
    %store/vec4 v0x7fcbeac5c360_0, 0, 1;
    %delay 10000, 0;
    %delay 100000, 0;
    %delay 10000000, 0;
    %vpi_call/w 3 189 "$display", "Finishing Sim" {0 0 0};
    %vpi_call/w 3 190 "$finish" {0 0 0};
    %end;
    .thread T_4;
# The file index is used to find the file name in the following table.
:file_names 7;
    "N/A";
    "<interactive>";
    "-";
    "sim/projection_tb.sv";
    "src/projection.sv";
    "src/vectors.sv";
    "src/line_gen.sv";
