#! /usr/local/Cellar/icarus-verilog/11.0/bin/vvp
:ivl_version "11.0 (stable)";
:ivl_delay_selection "TYPICAL";
:vpi_time_precision - 12;
:vpi_module "/usr/local/Cellar/icarus-verilog/11.0/lib/ivl/system.vpi";
:vpi_module "/usr/local/Cellar/icarus-verilog/11.0/lib/ivl/vhdl_sys.vpi";
:vpi_module "/usr/local/Cellar/icarus-verilog/11.0/lib/ivl/vhdl_textio.vpi";
:vpi_module "/usr/local/Cellar/icarus-verilog/11.0/lib/ivl/v2005_math.vpi";
:vpi_module "/usr/local/Cellar/icarus-verilog/11.0/lib/ivl/va_math.vpi";
:vpi_module "/usr/local/Cellar/icarus-verilog/11.0/lib/ivl/v2009.vpi";
S_0x7fef22704eb0 .scope package, "$unit" "$unit" 2 1;
 .timescale 0 0;
S_0x7fef22705020 .scope module, "vectors_tb" "vectors_tb" 3 4;
 .timescale -9 -12;
v0x7fef22732670_0 .net/s "ball_vectors_x", 47 0, v0x7fef2270f000_0;  1 drivers
v0x7fef22732750_0 .net/s "ball_vectors_y", 47 0, v0x7fef22731150_0;  1 drivers
v0x7fef227327e0_0 .var "blue_x_com", 10 0;
v0x7fef22732870_0 .var "blue_y_com", 9 0;
v0x7fef22732920_0 .var "clk_in", 0 0;
v0x7fef227329f0_0 .var "green_x_com", 10 0;
v0x7fef22732aa0_0 .var "green_y_com", 9 0;
v0x7fef22732b50_0 .var "purple_x_com", 10 0;
v0x7fef22732c00_0 .var "purple_y_com", 9 0;
v0x7fef22732d30_0 .var "red_x_com", 10 0;
v0x7fef22732dc0_0 .var "red_y_com", 9 0;
v0x7fef22732e50_0 .var "rst_in", 0 0;
v0x7fef22732f00_0 .var "valid_blue", 0 0;
v0x7fef22732fb0_0 .var "valid_green", 0 0;
v0x7fef22733060_0 .var "valid_purple", 0 0;
v0x7fef22733110_0 .var "valid_red", 0 0;
S_0x7fef2270bb70 .scope module, "uut" "vectors" 3 33, 4 4 0, S_0x7fef22705020;
 .timescale -9 -12;
    .port_info 0 /INPUT 1 "clk_in";
    .port_info 1 /INPUT 1 "rst_in";
    .port_info 2 /INPUT 11 "red_x_com";
    .port_info 3 /INPUT 10 "red_y_com";
    .port_info 4 /INPUT 11 "purple_x_com";
    .port_info 5 /INPUT 10 "purple_y_com";
    .port_info 6 /INPUT 11 "green_x_com";
    .port_info 7 /INPUT 10 "green_y_com";
    .port_info 8 /INPUT 11 "blue_x_com";
    .port_info 9 /INPUT 10 "blue_y_com";
    .port_info 10 /INPUT 1 "valid_blue";
    .port_info 11 /INPUT 1 "valid_red";
    .port_info 12 /INPUT 1 "valid_green";
    .port_info 13 /INPUT 1 "valid_purple";
    .port_info 14 /OUTPUT 48 "ball_vectors_x";
    .port_info 15 /OUTPUT 48 "ball_vectors_y";
P_0x7fef22708340 .param/l "N_TRACKING_POINTS" 0 4 5, +C4<00000000000000000000000000000100>;
P_0x7fef22708380 .param/l "N_VIRTUAL_POINTS" 0 4 6, +C4<00000000000000000000000000110000>;
enum0x7fef22717510 .enum2/s (32)
   "IDLE" 0,
   "CALCULATING" 1
 ;
v0x7fef2270f000_0 .var/s "ball_vectors_x", 47 0;
v0x7fef22731150_0 .var/s "ball_vectors_y", 47 0;
v0x7fef22731210_0 .net "blue_x_com", 10 0, v0x7fef227327e0_0;  1 drivers
v0x7fef227312d0_0 .var "blue_x_stored", 10 0;
v0x7fef22731380_0 .net "blue_y_com", 9 0, v0x7fef22732870_0;  1 drivers
v0x7fef22731470_0 .var "blue_y_stored", 9 0;
v0x7fef22731520_0 .net "clk_in", 0 0, v0x7fef22732920_0;  1 drivers
v0x7fef227315c0_0 .net "green_x_com", 10 0, v0x7fef227329f0_0;  1 drivers
v0x7fef22731670_0 .var "green_x_stored", 10 0;
v0x7fef22731780_0 .net "green_y_com", 9 0, v0x7fef22732aa0_0;  1 drivers
v0x7fef22731830_0 .var "green_y_stored", 9 0;
v0x7fef227318e0_0 .var "has_blue", 0 0;
v0x7fef22731980_0 .var "has_green", 0 0;
v0x7fef22731a20_0 .var "has_purple", 0 0;
v0x7fef22731ac0_0 .var "has_red", 0 0;
v0x7fef22731b60_0 .net "purple_x_com", 10 0, v0x7fef22732b50_0;  1 drivers
v0x7fef22731c10_0 .var "purple_x_stored", 10 0;
v0x7fef22731da0_0 .net "purple_y_com", 9 0, v0x7fef22732c00_0;  1 drivers
v0x7fef22731e30_0 .var "purple_y_stored", 9 0;
v0x7fef22731ee0_0 .net "red_x_com", 10 0, v0x7fef22732d30_0;  1 drivers
v0x7fef22731f90_0 .var "red_x_stored", 10 0;
v0x7fef22732040_0 .net "red_y_com", 9 0, v0x7fef22732dc0_0;  1 drivers
v0x7fef227320f0_0 .var "red_y_stored", 9 0;
v0x7fef227321a0_0 .net "rst_in", 0 0, v0x7fef22732e50_0;  1 drivers
v0x7fef22732240_0 .var/2s "state", 31 0;
v0x7fef227322f0_0 .net "valid_blue", 0 0, v0x7fef22732f00_0;  1 drivers
v0x7fef22732390_0 .net "valid_green", 0 0, v0x7fef22732fb0_0;  1 drivers
v0x7fef22732430_0 .net "valid_purple", 0 0, v0x7fef22733060_0;  1 drivers
v0x7fef227324d0_0 .net "valid_red", 0 0, v0x7fef22733110_0;  1 drivers
E_0x7fef22719e80 .event posedge, v0x7fef22731520_0;
    .scope S_0x7fef2270bb70;
T_0 ;
    %wait E_0x7fef22719e80;
    %load/vec4 v0x7fef227321a0_0;
    %flag_set/vec4 8;
    %jmp/0xz  T_0.0, 8;
    %pushi/vec4 0, 0, 48;
    %assign/vec4 v0x7fef2270f000_0, 0;
    %pushi/vec4 0, 0, 48;
    %assign/vec4 v0x7fef22731150_0, 0;
    %jmp T_0.1;
T_0.0 ;
    %load/vec4 v0x7fef22732240_0;
    %dup/vec4;
    %pushi/vec4 1, 0, 32;
    %cmp/u;
    %jmp/1 T_0.2, 6;
    %load/vec4 v0x7fef22731980_0;
    %load/vec4 v0x7fef227318e0_0;
    %and;
    %load/vec4 v0x7fef22731ac0_0;
    %and;
    %load/vec4 v0x7fef22731a20_0;
    %and;
    %flag_set/vec4 8;
    %jmp/0xz  T_0.5, 8;
    %pushi/vec4 1, 0, 32;
    %assign/vec4 v0x7fef22732240_0, 0;
    %jmp T_0.6;
T_0.5 ;
    %load/vec4 v0x7fef227324d0_0;
    %flag_set/vec4 8;
    %jmp/0xz  T_0.7, 8;
    %load/vec4 v0x7fef22731ee0_0;
    %assign/vec4 v0x7fef22731f90_0, 0;
    %load/vec4 v0x7fef22732040_0;
    %assign/vec4 v0x7fef227320f0_0, 0;
    %pushi/vec4 1, 0, 1;
    %assign/vec4 v0x7fef22731ac0_0, 0;
T_0.7 ;
    %load/vec4 v0x7fef227322f0_0;
    %flag_set/vec4 8;
    %jmp/0xz  T_0.9, 8;
    %load/vec4 v0x7fef22731210_0;
    %assign/vec4 v0x7fef227312d0_0, 0;
    %load/vec4 v0x7fef22731380_0;
    %assign/vec4 v0x7fef22731470_0, 0;
    %pushi/vec4 1, 0, 1;
    %assign/vec4 v0x7fef227318e0_0, 0;
T_0.9 ;
    %load/vec4 v0x7fef22732430_0;
    %flag_set/vec4 8;
    %jmp/0xz  T_0.11, 8;
    %load/vec4 v0x7fef22731b60_0;
    %assign/vec4 v0x7fef22731c10_0, 0;
    %load/vec4 v0x7fef22731da0_0;
    %assign/vec4 v0x7fef22731e30_0, 0;
    %pushi/vec4 1, 0, 1;
    %assign/vec4 v0x7fef22731a20_0, 0;
T_0.11 ;
    %load/vec4 v0x7fef22732390_0;
    %flag_set/vec4 8;
    %jmp/0xz  T_0.13, 8;
    %load/vec4 v0x7fef227315c0_0;
    %assign/vec4 v0x7fef22731670_0, 0;
    %load/vec4 v0x7fef22731780_0;
    %assign/vec4 v0x7fef22731830_0, 0;
    %pushi/vec4 1, 0, 1;
    %assign/vec4 v0x7fef22731980_0, 0;
T_0.13 ;
T_0.6 ;
    %jmp T_0.4;
T_0.2 ;
    %pushi/vec4 0, 0, 32;
    %assign/vec4 v0x7fef22732240_0, 0;
    %pushi/vec4 0, 0, 1;
    %load/vec4 v0x7fef22731670_0;
    %concat/vec4; draw_concat_vec4
    %pad/s 16;
    %pushi/vec4 0, 0, 1;
    %load/vec4 v0x7fef22731f90_0;
    %concat/vec4; draw_concat_vec4
    %pad/s 16;
    %sub;
    %ix/load 4, 0, 0;
    %ix/load 5, 0, 0;
    %flag_set/imm 4, 0;
    %assign/vec4/off/d v0x7fef2270f000_0, 4, 5;
    %pushi/vec4 0, 0, 1;
    %load/vec4 v0x7fef22731830_0;
    %concat/vec4; draw_concat_vec4
    %pad/s 16;
    %pushi/vec4 0, 0, 1;
    %load/vec4 v0x7fef227320f0_0;
    %concat/vec4; draw_concat_vec4
    %pad/s 16;
    %sub;
    %ix/load 4, 0, 0;
    %ix/load 5, 0, 0;
    %flag_set/imm 4, 0;
    %assign/vec4/off/d v0x7fef22731150_0, 4, 5;
    %pushi/vec4 0, 0, 1;
    %load/vec4 v0x7fef227312d0_0;
    %concat/vec4; draw_concat_vec4
    %pad/s 16;
    %pushi/vec4 0, 0, 1;
    %load/vec4 v0x7fef22731f90_0;
    %concat/vec4; draw_concat_vec4
    %pad/s 16;
    %sub;
    %ix/load 4, 16, 0;
    %ix/load 5, 0, 0;
    %flag_set/imm 4, 0;
    %assign/vec4/off/d v0x7fef2270f000_0, 4, 5;
    %pushi/vec4 0, 0, 1;
    %load/vec4 v0x7fef22731470_0;
    %concat/vec4; draw_concat_vec4
    %pad/s 16;
    %pushi/vec4 0, 0, 1;
    %load/vec4 v0x7fef227320f0_0;
    %concat/vec4; draw_concat_vec4
    %pad/s 16;
    %sub;
    %ix/load 4, 16, 0;
    %ix/load 5, 0, 0;
    %flag_set/imm 4, 0;
    %assign/vec4/off/d v0x7fef22731150_0, 4, 5;
    %pushi/vec4 0, 0, 1;
    %load/vec4 v0x7fef22731c10_0;
    %concat/vec4; draw_concat_vec4
    %pad/s 16;
    %pushi/vec4 0, 0, 1;
    %load/vec4 v0x7fef22731f90_0;
    %concat/vec4; draw_concat_vec4
    %pad/s 16;
    %sub;
    %ix/load 4, 32, 0;
    %ix/load 5, 0, 0;
    %flag_set/imm 4, 0;
    %assign/vec4/off/d v0x7fef2270f000_0, 4, 5;
    %pushi/vec4 0, 0, 1;
    %load/vec4 v0x7fef22731e30_0;
    %concat/vec4; draw_concat_vec4
    %pad/s 16;
    %pushi/vec4 0, 0, 1;
    %load/vec4 v0x7fef227320f0_0;
    %concat/vec4; draw_concat_vec4
    %pad/s 16;
    %sub;
    %ix/load 4, 32, 0;
    %ix/load 5, 0, 0;
    %flag_set/imm 4, 0;
    %assign/vec4/off/d v0x7fef22731150_0, 4, 5;
    %jmp T_0.4;
T_0.4 ;
    %pop/vec4 1;
T_0.1 ;
    %jmp T_0;
    .thread T_0;
    .scope S_0x7fef22705020;
T_1 ;
    %delay 5000, 0;
    %load/vec4 v0x7fef22732920_0;
    %nor/r;
    %store/vec4 v0x7fef22732920_0, 0, 1;
    %jmp T_1;
    .thread T_1;
    .scope S_0x7fef22705020;
T_2 ;
    %vpi_call/w 3 57 "$dumpfile", "vectors.vcd" {0 0 0};
    %vpi_call/w 3 58 "$dumpvars", 32'sb00000000000000000000000000000000, S_0x7fef22705020 {0 0 0};
    %vpi_call/w 3 59 "$display", "Starting Sim" {0 0 0};
    %pushi/vec4 0, 0, 1;
    %store/vec4 v0x7fef22732920_0, 0, 1;
    %pushi/vec4 0, 0, 1;
    %store/vec4 v0x7fef22732e50_0, 0, 1;
    %delay 10000, 0;
    %pushi/vec4 1, 0, 1;
    %store/vec4 v0x7fef22732e50_0, 0, 1;
    %delay 10000, 0;
    %pushi/vec4 0, 0, 1;
    %store/vec4 v0x7fef22732e50_0, 0, 1;
    %delay 10000, 0;
    %pushi/vec4 1, 0, 1;
    %store/vec4 v0x7fef22732f00_0, 0, 1;
    %pushi/vec4 1, 0, 1;
    %store/vec4 v0x7fef22733110_0, 0, 1;
    %pushi/vec4 1, 0, 1;
    %store/vec4 v0x7fef22732fb0_0, 0, 1;
    %pushi/vec4 1, 0, 1;
    %store/vec4 v0x7fef22733060_0, 0, 1;
    %pushi/vec4 300, 0, 11;
    %store/vec4 v0x7fef22732d30_0, 0, 11;
    %pushi/vec4 300, 0, 10;
    %store/vec4 v0x7fef22732dc0_0, 0, 10;
    %pushi/vec4 300, 0, 11;
    %store/vec4 v0x7fef22732b50_0, 0, 11;
    %pushi/vec4 200, 0, 10;
    %store/vec4 v0x7fef22732c00_0, 0, 10;
    %pushi/vec4 400, 0, 11;
    %store/vec4 v0x7fef227329f0_0, 0, 11;
    %pushi/vec4 300, 0, 10;
    %store/vec4 v0x7fef22732aa0_0, 0, 10;
    %pushi/vec4 250, 0, 11;
    %store/vec4 v0x7fef227327e0_0, 0, 11;
    %pushi/vec4 350, 0, 10;
    %store/vec4 v0x7fef22732870_0, 0, 10;
    %delay 10000, 0;
    %pushi/vec4 0, 0, 1;
    %store/vec4 v0x7fef22732f00_0, 0, 1;
    %pushi/vec4 0, 0, 1;
    %store/vec4 v0x7fef22733110_0, 0, 1;
    %pushi/vec4 0, 0, 1;
    %store/vec4 v0x7fef22732fb0_0, 0, 1;
    %pushi/vec4 0, 0, 1;
    %store/vec4 v0x7fef22733060_0, 0, 1;
    %delay 10000000, 0;
    %vpi_call/w 3 86 "$display", "Finishing Sim" {0 0 0};
    %vpi_call/w 3 87 "$finish" {0 0 0};
    %end;
    .thread T_2;
# The file index is used to find the file name in the following table.
:file_names 5;
    "N/A";
    "<interactive>";
    "-";
    "sim/vectors_tb.sv";
    "src/vectors.sv";
