#! /usr/local/Cellar/icarus-verilog/11.0/bin/vvp
:ivl_version "11.0 (stable)";
:ivl_delay_selection "TYPICAL";
:vpi_time_precision - 12;
:vpi_module "/usr/local/Cellar/icarus-verilog/11.0/lib/ivl/system.vpi";
:vpi_module "/usr/local/Cellar/icarus-verilog/11.0/lib/ivl/vhdl_sys.vpi";
:vpi_module "/usr/local/Cellar/icarus-verilog/11.0/lib/ivl/vhdl_textio.vpi";
:vpi_module "/usr/local/Cellar/icarus-verilog/11.0/lib/ivl/v2005_math.vpi";
:vpi_module "/usr/local/Cellar/icarus-verilog/11.0/lib/ivl/va_math.vpi";
:vpi_module "/usr/local/Cellar/icarus-verilog/11.0/lib/ivl/v2009.vpi";
S_0x7f99b4f04340 .scope package, "$unit" "$unit" 2 1;
 .timescale 0 0;
S_0x7f99b4f044b0 .scope module, "line_gen_stream_tb" "line_gen_stream_tb" 3 4;
 .timescale -9 -12;
P_0x7f99b4f041a0 .param/l "N_TRACKING_POINTS" 1 3 17, +C4<00000000000000000000000000000100>;
v0x7f99b4f16470_0 .var "clk_in", 0 0;
v0x7f99b4f16550_0 .var "data_valid_in", 0 0;
v0x7f99b4f165e0_0 .net "new_input", 0 0, v0x7f99b4f14d70_0;  1 drivers
v0x7f99b4f166b0_0 .var "rst_in", 0 0;
v0x7f99b4f16780_0 .net "x", 10 0, v0x7f99b4f15100_0;  1 drivers
v0x7f99b4f16850_0 .var "x_origin", 10 0;
v0x7f99b4f168e0_0 .net "x_proj", 10 0, v0x7f99b4f15fc0_0;  1 drivers
v0x7f99b4f16970_0 .var "x_vec", 47 0;
v0x7f99b4f16a20_0 .net "y", 9 0, v0x7f99b4f153c0_0;  1 drivers
v0x7f99b4f16b50_0 .var "y_origin", 9 0;
v0x7f99b4f16be0_0 .net "y_proj", 9 0, v0x7f99b4f16260_0;  1 drivers
v0x7f99b4f16cb0_0 .var "y_vec", 47 0;
S_0x7f99b4f046a0 .scope module, "uut" "line_gen" 3 28, 4 4 0, S_0x7f99b4f044b0;
 .timescale -9 -12;
    .port_info 0 /INPUT 1 "clk_in";
    .port_info 1 /INPUT 1 "rst_in";
    .port_info 2 /INPUT 1 "data_valid_in";
    .port_info 3 /INPUT 11 "x_in";
    .port_info 4 /INPUT 10 "y_in";
    .port_info 5 /OUTPUT 11 "x";
    .port_info 6 /OUTPUT 10 "y";
    .port_info 7 /OUTPUT 1 "next_point";
enum0x7f99b6218410 .enum2/s (32)
   "IDLE" 0,
   "DRAWING" 1
 ;
v0x7f99b4f04940_0 .net "clk_in", 0 0, v0x7f99b4f16470_0;  1 drivers
v0x7f99b4f149f0_0 .net "data_valid_in", 0 0, v0x7f99b4f16550_0;  1 drivers
v0x7f99b4f14a90_0 .var/s "dx", 11 0;
v0x7f99b4f14b30_0 .var/s "dy", 10 0;
v0x7f99b4f14be0_0 .var/s "err", 11 0;
v0x7f99b4f14cd0_0 .var "has_first_point", 0 0;
v0x7f99b4f14d70_0 .var "next_point", 0 0;
v0x7f99b4f14e10_0 .net "rst_in", 0 0, v0x7f99b4f166b0_0;  1 drivers
v0x7f99b4f14eb0_0 .var/2s "state", 31 0;
v0x7f99b4f14fc0_0 .var "sx", 0 0;
v0x7f99b4f15060_0 .var "sy", 0 0;
v0x7f99b4f15100_0 .var "x", 10 0;
v0x7f99b4f151b0_0 .var/s "x_end", 11 0;
v0x7f99b4f15260_0 .net "x_in", 10 0, v0x7f99b4f15fc0_0;  alias, 1 drivers
v0x7f99b4f15310_0 .var/s "x_start", 11 0;
v0x7f99b4f153c0_0 .var "y", 9 0;
v0x7f99b4f15470_0 .var/s "y_end", 10 0;
v0x7f99b4f15600_0 .net "y_in", 9 0, v0x7f99b4f16260_0;  alias, 1 drivers
v0x7f99b4f15690_0 .var/s "y_start", 10 0;
E_0x7f99b4f04670 .event posedge, v0x7f99b4f04940_0;
S_0x7f99b4f15800 .scope module, "uut_1" "projection" 3 36, 5 5 0, S_0x7f99b4f044b0;
 .timescale -9 -12;
    .port_info 0 /INPUT 1 "clk_in";
    .port_info 1 /INPUT 1 "rst_in";
    .port_info 2 /INPUT 48 "x_vec";
    .port_info 3 /INPUT 48 "y_vec";
    .port_info 4 /INPUT 11 "x_origin";
    .port_info 5 /INPUT 10 "y_origin";
    .port_info 6 /INPUT 1 "next_point";
    .port_info 7 /OUTPUT 11 "x_proj";
    .port_info 8 /OUTPUT 10 "y_proj";
P_0x7f99b4f15970 .param/l "N_TRACKING_POINTS" 0 5 6, +C4<00000000000000000000000000000100>;
P_0x7f99b4f159b0 .param/l "N_VIRTUAL_POINTS" 0 5 7, +C4<00000000000000000000000000000010>;
v0x7f99b4f15c00_0 .net "clk_in", 0 0, v0x7f99b4f16470_0;  alias, 1 drivers
v0x7f99b4f15cb0_0 .var "index", 0 0;
v0x7f99b4f15d40_0 .net "next_point", 0 0, v0x7f99b4f14d70_0;  alias, 1 drivers
v0x7f99b4f15dd0_0 .var "points", 95 0;
v0x7f99b4f15e60_0 .net "rst_in", 0 0, v0x7f99b4f166b0_0;  alias, 1 drivers
v0x7f99b4f15f30_0 .net "x_origin", 10 0, v0x7f99b4f16850_0;  1 drivers
v0x7f99b4f15fc0_0 .var "x_proj", 10 0;
v0x7f99b4f16080_0 .net "x_vec", 47 0, v0x7f99b4f16970_0;  1 drivers
v0x7f99b4f16130_0 .net "y_origin", 9 0, v0x7f99b4f16b50_0;  1 drivers
v0x7f99b4f16260_0 .var "y_proj", 9 0;
v0x7f99b4f16320_0 .net "y_vec", 47 0, v0x7f99b4f16cb0_0;  1 drivers
    .scope S_0x7f99b4f046a0;
T_0 ;
    %wait E_0x7f99b4f04670;
    %load/vec4 v0x7f99b4f14e10_0;
    %flag_set/vec4 8;
    %jmp/0xz  T_0.0, 8;
    %pushi/vec4 0, 0, 12;
    %assign/vec4 v0x7f99b4f14a90_0, 0;
    %pushi/vec4 0, 0, 11;
    %assign/vec4 v0x7f99b4f14b30_0, 0;
    %pushi/vec4 1, 0, 1;
    %assign/vec4 v0x7f99b4f14fc0_0, 0;
    %pushi/vec4 1, 0, 1;
    %assign/vec4 v0x7f99b4f15060_0, 0;
    %pushi/vec4 0, 0, 12;
    %assign/vec4 v0x7f99b4f14be0_0, 0;
    %pushi/vec4 0, 0, 11;
    %assign/vec4 v0x7f99b4f15100_0, 0;
    %pushi/vec4 0, 0, 10;
    %assign/vec4 v0x7f99b4f153c0_0, 0;
    %pushi/vec4 0, 0, 32;
    %assign/vec4 v0x7f99b4f14eb0_0, 0;
    %pushi/vec4 0, 0, 1;
    %assign/vec4 v0x7f99b4f14cd0_0, 0;
    %pushi/vec4 0, 0, 1;
    %assign/vec4 v0x7f99b4f14d70_0, 0;
    %jmp T_0.1;
T_0.0 ;
    %load/vec4 v0x7f99b4f14eb0_0;
    %dup/vec4;
    %pushi/vec4 1, 0, 32;
    %cmp/u;
    %jmp/1 T_0.2, 6;
    %load/vec4 v0x7f99b4f149f0_0;
    %flag_set/vec4 8;
    %jmp/0xz  T_0.5, 8;
    %load/vec4 v0x7f99b4f14cd0_0;
    %nor/r;
    %flag_set/vec4 8;
    %jmp/0xz  T_0.7, 8;
    %pushi/vec4 1, 0, 1;
    %assign/vec4 v0x7f99b4f14cd0_0, 0;
    %load/vec4 v0x7f99b4f15260_0;
    %pad/u 12;
    %assign/vec4 v0x7f99b4f151b0_0, 0;
    %load/vec4 v0x7f99b4f15600_0;
    %pad/u 11;
    %assign/vec4 v0x7f99b4f15470_0, 0;
    %jmp T_0.8;
T_0.7 ;
    %pushi/vec4 1, 0, 1;
    %assign/vec4 v0x7f99b4f14d70_0, 0;
    %pushi/vec4 1, 0, 32;
    %assign/vec4 v0x7f99b4f14eb0_0, 0;
    %load/vec4 v0x7f99b4f151b0_0;
    %load/vec4 v0x7f99b4f15260_0;
    %pad/u 12;
    %cmp/u;
    %flag_mov 8, 5;
    %jmp/0 T_0.9, 8;
    %pushi/vec4 0, 0, 1;
    %load/vec4 v0x7f99b4f15260_0;
    %concat/vec4; draw_concat_vec4
    %pad/s 13;
    %pushi/vec4 0, 0, 1;
    %load/vec4 v0x7f99b4f151b0_0;
    %concat/vec4; draw_concat_vec4
    %sub;
    %jmp/1 T_0.10, 8;
T_0.9 ; End of true expr.
    %pushi/vec4 0, 0, 1;
    %load/vec4 v0x7f99b4f151b0_0;
    %concat/vec4; draw_concat_vec4
    %pushi/vec4 0, 0, 1;
    %load/vec4 v0x7f99b4f15260_0;
    %concat/vec4; draw_concat_vec4
    %pad/s 13;
    %sub;
    %jmp/0 T_0.10, 8;
 ; End of false expr.
    %blend;
T_0.10;
    %pad/s 12;
    %store/vec4 v0x7f99b4f14a90_0, 0, 12;
    %load/vec4 v0x7f99b4f151b0_0;
    %load/vec4 v0x7f99b4f15260_0;
    %pad/u 12;
    %cmp/u;
    %flag_mov 8, 5;
    %jmp/0 T_0.11, 8;
    %pushi/vec4 1, 0, 2;
    %jmp/1 T_0.12, 8;
T_0.11 ; End of true expr.
    %pushi/vec4 0, 0, 2;
    %jmp/0 T_0.12, 8;
 ; End of false expr.
    %blend;
T_0.12;
    %pad/s 1;
    %store/vec4 v0x7f99b4f14fc0_0, 0, 1;
    %load/vec4 v0x7f99b4f15470_0;
    %load/vec4 v0x7f99b4f15600_0;
    %pad/u 11;
    %cmp/u;
    %flag_mov 8, 5;
    %jmp/0 T_0.13, 8;
    %pushi/vec4 0, 0, 1;
    %load/vec4 v0x7f99b4f15470_0;
    %concat/vec4; draw_concat_vec4
    %pushi/vec4 0, 0, 1;
    %load/vec4 v0x7f99b4f15600_0;
    %concat/vec4; draw_concat_vec4
    %pad/s 12;
    %sub;
    %jmp/1 T_0.14, 8;
T_0.13 ; End of true expr.
    %pushi/vec4 0, 0, 1;
    %load/vec4 v0x7f99b4f15600_0;
    %concat/vec4; draw_concat_vec4
    %pad/s 12;
    %pushi/vec4 0, 0, 1;
    %load/vec4 v0x7f99b4f15470_0;
    %concat/vec4; draw_concat_vec4
    %sub;
    %jmp/0 T_0.14, 8;
 ; End of false expr.
    %blend;
T_0.14;
    %pad/s 11;
    %store/vec4 v0x7f99b4f14b30_0, 0, 11;
    %load/vec4 v0x7f99b4f15470_0;
    %load/vec4 v0x7f99b4f15600_0;
    %pad/u 11;
    %cmp/u;
    %flag_mov 8, 5;
    %jmp/0 T_0.15, 8;
    %pushi/vec4 1, 0, 2;
    %jmp/1 T_0.16, 8;
T_0.15 ; End of true expr.
    %pushi/vec4 0, 0, 2;
    %jmp/0 T_0.16, 8;
 ; End of false expr.
    %blend;
T_0.16;
    %pad/s 1;
    %store/vec4 v0x7f99b4f15060_0, 0, 1;
    %load/vec4 v0x7f99b4f151b0_0;
    %load/vec4 v0x7f99b4f15260_0;
    %pad/u 12;
    %cmp/u;
    %flag_mov 8, 5;
    %jmp/0 T_0.17, 8;
    %pushi/vec4 0, 0, 1;
    %load/vec4 v0x7f99b4f15260_0;
    %concat/vec4; draw_concat_vec4
    %pad/s 13;
    %pushi/vec4 0, 0, 1;
    %load/vec4 v0x7f99b4f151b0_0;
    %concat/vec4; draw_concat_vec4
    %sub;
    %jmp/1 T_0.18, 8;
T_0.17 ; End of true expr.
    %pushi/vec4 0, 0, 1;
    %load/vec4 v0x7f99b4f151b0_0;
    %concat/vec4; draw_concat_vec4
    %pushi/vec4 0, 0, 1;
    %load/vec4 v0x7f99b4f15260_0;
    %concat/vec4; draw_concat_vec4
    %pad/s 13;
    %sub;
    %jmp/0 T_0.18, 8;
 ; End of false expr.
    %blend;
T_0.18;
    %load/vec4 v0x7f99b4f15470_0;
    %load/vec4 v0x7f99b4f15600_0;
    %pad/u 11;
    %cmp/u;
    %flag_mov 8, 5;
    %jmp/0 T_0.19, 8;
    %pushi/vec4 0, 0, 1;
    %load/vec4 v0x7f99b4f15470_0;
    %concat/vec4; draw_concat_vec4
    %pad/s 13;
    %pushi/vec4 0, 0, 1;
    %load/vec4 v0x7f99b4f15600_0;
    %concat/vec4; draw_concat_vec4
    %pad/s 13;
    %sub;
    %jmp/1 T_0.20, 8;
T_0.19 ; End of true expr.
    %pushi/vec4 0, 0, 1;
    %load/vec4 v0x7f99b4f15600_0;
    %concat/vec4; draw_concat_vec4
    %pad/s 13;
    %pushi/vec4 0, 0, 1;
    %load/vec4 v0x7f99b4f15470_0;
    %concat/vec4; draw_concat_vec4
    %pad/s 13;
    %sub;
    %jmp/0 T_0.20, 8;
 ; End of false expr.
    %blend;
T_0.20;
    %add;
    %pad/s 12;
    %assign/vec4 v0x7f99b4f14be0_0, 0;
    %load/vec4 v0x7f99b4f151b0_0;
    %pad/s 11;
    %assign/vec4 v0x7f99b4f15100_0, 0;
    %load/vec4 v0x7f99b4f15470_0;
    %pad/s 10;
    %assign/vec4 v0x7f99b4f153c0_0, 0;
    %load/vec4 v0x7f99b4f15260_0;
    %pad/u 12;
    %assign/vec4 v0x7f99b4f151b0_0, 0;
    %load/vec4 v0x7f99b4f15600_0;
    %pad/u 11;
    %assign/vec4 v0x7f99b4f15470_0, 0;
    %load/vec4 v0x7f99b4f151b0_0;
    %assign/vec4 v0x7f99b4f15310_0, 0;
    %load/vec4 v0x7f99b4f15470_0;
    %assign/vec4 v0x7f99b4f15690_0, 0;
T_0.8 ;
    %jmp T_0.6;
T_0.5 ;
    %pushi/vec4 0, 0, 1;
    %assign/vec4 v0x7f99b4f14cd0_0, 0;
T_0.6 ;
    %jmp T_0.4;
T_0.2 ;
    %pushi/vec4 0, 0, 1;
    %assign/vec4 v0x7f99b4f14d70_0, 0;
    %load/vec4 v0x7f99b4f151b0_0;
    %load/vec4 v0x7f99b4f15100_0;
    %pad/u 12;
    %cmp/e;
    %flag_get/vec4 4;
    %load/vec4 v0x7f99b4f15470_0;
    %load/vec4 v0x7f99b4f153c0_0;
    %pad/u 11;
    %cmp/e;
    %flag_get/vec4 4;
    %and;
    %flag_set/vec4 8;
    %jmp/0xz  T_0.21, 8;
    %pushi/vec4 0, 0, 32;
    %assign/vec4 v0x7f99b4f14eb0_0, 0;
    %jmp T_0.22;
T_0.21 ;
    %load/vec4 v0x7f99b4f14b30_0;
    %pad/s 32;
    %load/vec4 v0x7f99b4f14be0_0;
    %pad/s 32;
    %muli 2, 0, 32;
    %cmp/s;
    %flag_get/vec4 4;
    %flag_get/vec4 5;
    %or;
    %load/vec4 v0x7f99b4f14be0_0;
    %pad/s 32;
    %muli 2, 0, 32;
    %load/vec4 v0x7f99b4f14a90_0;
    %pad/s 32;
    %cmp/s;
    %flag_get/vec4 4;
    %flag_get/vec4 5;
    %or;
    %and;
    %flag_set/vec4 8;
    %jmp/0xz  T_0.23, 8;
    %load/vec4 v0x7f99b4f14fc0_0;
    %flag_set/vec4 8;
    %jmp/0 T_0.25, 8;
    %load/vec4 v0x7f99b4f15100_0;
    %addi 1, 0, 11;
    %jmp/1 T_0.26, 8;
T_0.25 ; End of true expr.
    %load/vec4 v0x7f99b4f15100_0;
    %subi 1, 0, 11;
    %jmp/0 T_0.26, 8;
 ; End of false expr.
    %blend;
T_0.26;
    %assign/vec4 v0x7f99b4f15100_0, 0;
    %load/vec4 v0x7f99b4f15060_0;
    %flag_set/vec4 8;
    %jmp/0 T_0.27, 8;
    %load/vec4 v0x7f99b4f153c0_0;
    %addi 1, 0, 10;
    %jmp/1 T_0.28, 8;
T_0.27 ; End of true expr.
    %load/vec4 v0x7f99b4f153c0_0;
    %subi 1, 0, 10;
    %jmp/0 T_0.28, 8;
 ; End of false expr.
    %blend;
T_0.28;
    %assign/vec4 v0x7f99b4f153c0_0, 0;
    %load/vec4 v0x7f99b4f14be0_0;
    %load/vec4 v0x7f99b4f14a90_0;
    %add;
    %load/vec4 v0x7f99b4f14b30_0;
    %pad/s 12;
    %add;
    %assign/vec4 v0x7f99b4f14be0_0, 0;
    %jmp T_0.24;
T_0.23 ;
    %load/vec4 v0x7f99b4f14b30_0;
    %pad/s 32;
    %load/vec4 v0x7f99b4f14be0_0;
    %pad/s 32;
    %muli 2, 0, 32;
    %cmp/s;
    %flag_or 5, 4;
    %jmp/0xz  T_0.29, 5;
    %load/vec4 v0x7f99b4f14fc0_0;
    %flag_set/vec4 8;
    %jmp/0 T_0.31, 8;
    %load/vec4 v0x7f99b4f15100_0;
    %addi 1, 0, 11;
    %jmp/1 T_0.32, 8;
T_0.31 ; End of true expr.
    %load/vec4 v0x7f99b4f15100_0;
    %subi 1, 0, 11;
    %jmp/0 T_0.32, 8;
 ; End of false expr.
    %blend;
T_0.32;
    %assign/vec4 v0x7f99b4f15100_0, 0;
    %load/vec4 v0x7f99b4f14be0_0;
    %load/vec4 v0x7f99b4f14b30_0;
    %pad/s 12;
    %add;
    %assign/vec4 v0x7f99b4f14be0_0, 0;
    %jmp T_0.30;
T_0.29 ;
    %load/vec4 v0x7f99b4f14be0_0;
    %pad/s 32;
    %muli 2, 0, 32;
    %load/vec4 v0x7f99b4f14a90_0;
    %pad/s 32;
    %cmp/s;
    %flag_or 5, 4;
    %jmp/0xz  T_0.33, 5;
    %load/vec4 v0x7f99b4f15060_0;
    %flag_set/vec4 8;
    %jmp/0 T_0.35, 8;
    %load/vec4 v0x7f99b4f153c0_0;
    %addi 1, 0, 10;
    %jmp/1 T_0.36, 8;
T_0.35 ; End of true expr.
    %load/vec4 v0x7f99b4f153c0_0;
    %subi 1, 0, 10;
    %jmp/0 T_0.36, 8;
 ; End of false expr.
    %blend;
T_0.36;
    %assign/vec4 v0x7f99b4f153c0_0, 0;
    %load/vec4 v0x7f99b4f14be0_0;
    %load/vec4 v0x7f99b4f14a90_0;
    %add;
    %assign/vec4 v0x7f99b4f14be0_0, 0;
T_0.33 ;
T_0.30 ;
T_0.24 ;
T_0.22 ;
    %jmp T_0.4;
T_0.4 ;
    %pop/vec4 1;
T_0.1 ;
    %jmp T_0;
    .thread T_0;
    .scope S_0x7f99b4f15800;
T_1 ;
    %pushi/vec4 2147549185, 0, 39;
    %concati/vec4 2147516416, 0, 47;
    %concati/vec4 512, 0, 10;
    %store/vec4 v0x7f99b4f15dd0_0, 0, 96;
    %end;
    .thread T_1, $init;
    .scope S_0x7f99b4f15800;
T_2 ;
    %wait E_0x7f99b4f04670;
    %load/vec4 v0x7f99b4f15e60_0;
    %flag_set/vec4 8;
    %jmp/0xz  T_2.0, 8;
    %pushi/vec4 0, 0, 1;
    %assign/vec4 v0x7f99b4f15cb0_0, 0;
    %pushi/vec4 0, 0, 11;
    %assign/vec4 v0x7f99b4f15fc0_0, 0;
    %pushi/vec4 0, 0, 10;
    %assign/vec4 v0x7f99b4f16260_0, 0;
    %jmp T_2.1;
T_2.0 ;
    %load/vec4 v0x7f99b4f15d40_0;
    %flag_set/vec4 8;
    %jmp/0xz  T_2.2, 8;
    %load/vec4 v0x7f99b4f15cb0_0;
    %pad/u 32;
    %cmpi/e 1, 0, 32;
    %flag_mov 8, 4;
    %jmp/0 T_2.4, 8;
    %pushi/vec4 0, 0, 2;
    %jmp/1 T_2.5, 8;
T_2.4 ; End of true expr.
    %load/vec4 v0x7f99b4f15cb0_0;
    %pad/u 2;
    %addi 1, 0, 2;
    %jmp/0 T_2.5, 8;
 ; End of false expr.
    %blend;
T_2.5;
    %pad/u 1;
    %assign/vec4 v0x7f99b4f15cb0_0, 0;
T_2.2 ;
    %load/vec4 v0x7f99b4f15cb0_0;
    %pad/u 3;
    %dup/vec4;
    %pushi/vec4 0, 0, 3;
    %cmp/u;
    %jmp/1 T_2.6, 6;
    %dup/vec4;
    %pushi/vec4 1, 0, 3;
    %cmp/u;
    %jmp/1 T_2.7, 6;
    %dup/vec4;
    %pushi/vec4 2, 0, 3;
    %cmp/u;
    %jmp/1 T_2.8, 6;
    %dup/vec4;
    %pushi/vec4 3, 0, 3;
    %cmp/u;
    %jmp/1 T_2.9, 6;
    %dup/vec4;
    %pushi/vec4 4, 0, 3;
    %cmp/u;
    %jmp/1 T_2.10, 6;
    %dup/vec4;
    %pushi/vec4 5, 0, 3;
    %cmp/u;
    %jmp/1 T_2.11, 6;
    %dup/vec4;
    %pushi/vec4 6, 0, 3;
    %cmp/u;
    %jmp/1 T_2.12, 6;
    %dup/vec4;
    %pushi/vec4 7, 0, 3;
    %cmp/u;
    %jmp/1 T_2.13, 6;
    %jmp T_2.14;
T_2.6 ;
    %pushi/vec4 100, 0, 11;
    %assign/vec4 v0x7f99b4f15fc0_0, 0;
    %pushi/vec4 100, 0, 10;
    %assign/vec4 v0x7f99b4f16260_0, 0;
    %jmp T_2.14;
T_2.7 ;
    %pushi/vec4 150, 0, 11;
    %assign/vec4 v0x7f99b4f15fc0_0, 0;
    %pushi/vec4 140, 0, 10;
    %assign/vec4 v0x7f99b4f16260_0, 0;
    %jmp T_2.14;
T_2.8 ;
    %load/vec4 v0x7f99b4f16080_0;
    %parti/s 16, 0, 2;
    %load/vec4 v0x7f99b4f15dd0_0;
    %parti/s 16, 96, 8;
    %mul;
    %load/vec4 v0x7f99b4f16080_0;
    %parti/s 16, 16, 6;
    %load/vec4 v0x7f99b4f15dd0_0;
    %parti/s 16, 112, 8;
    %mul;
    %add;
    %load/vec4 v0x7f99b4f16080_0;
    %parti/s 16, 32, 7;
    %load/vec4 v0x7f99b4f15dd0_0;
    %parti/s 16, 128, 9;
    %mul;
    %add;
    %ix/load 4, 8, 0;
    %flag_set/imm 4, 0;
    %shiftr/s 4;
    %pushi/vec4 0, 0, 1;
    %load/vec4 v0x7f99b4f15f30_0;
    %concat/vec4; draw_concat_vec4
    %pad/s 16;
    %add;
    %pad/s 11;
    %assign/vec4 v0x7f99b4f15fc0_0, 0;
    %load/vec4 v0x7f99b4f16320_0;
    %parti/s 16, 0, 2;
    %load/vec4 v0x7f99b4f15dd0_0;
    %parti/s 16, 96, 8;
    %mul;
    %load/vec4 v0x7f99b4f16320_0;
    %parti/s 16, 16, 6;
    %load/vec4 v0x7f99b4f15dd0_0;
    %parti/s 16, 112, 8;
    %mul;
    %add;
    %load/vec4 v0x7f99b4f16320_0;
    %parti/s 16, 32, 7;
    %load/vec4 v0x7f99b4f15dd0_0;
    %parti/s 16, 128, 9;
    %mul;
    %add;
    %ix/load 4, 8, 0;
    %flag_set/imm 4, 0;
    %shiftr/s 4;
    %pushi/vec4 0, 0, 1;
    %load/vec4 v0x7f99b4f16130_0;
    %concat/vec4; draw_concat_vec4
    %pad/s 16;
    %add;
    %pad/s 10;
    %assign/vec4 v0x7f99b4f16260_0, 0;
    %jmp T_2.14;
T_2.9 ;
    %load/vec4 v0x7f99b4f16080_0;
    %parti/s 16, 0, 2;
    %load/vec4 v0x7f99b4f15dd0_0;
    %parti/s 16, 144, 9;
    %mul;
    %load/vec4 v0x7f99b4f16080_0;
    %parti/s 16, 16, 6;
    %load/vec4 v0x7f99b4f15dd0_0;
    %parti/s 16, 160, 9;
    %mul;
    %add;
    %load/vec4 v0x7f99b4f16080_0;
    %parti/s 16, 32, 7;
    %load/vec4 v0x7f99b4f15dd0_0;
    %parti/s 16, 176, 9;
    %mul;
    %add;
    %ix/load 4, 8, 0;
    %flag_set/imm 4, 0;
    %shiftr/s 4;
    %pushi/vec4 0, 0, 1;
    %load/vec4 v0x7f99b4f15f30_0;
    %concat/vec4; draw_concat_vec4
    %pad/s 16;
    %add;
    %pad/s 11;
    %assign/vec4 v0x7f99b4f15fc0_0, 0;
    %load/vec4 v0x7f99b4f16320_0;
    %parti/s 16, 0, 2;
    %load/vec4 v0x7f99b4f15dd0_0;
    %parti/s 16, 144, 9;
    %mul;
    %load/vec4 v0x7f99b4f16320_0;
    %parti/s 16, 16, 6;
    %load/vec4 v0x7f99b4f15dd0_0;
    %parti/s 16, 160, 9;
    %mul;
    %add;
    %load/vec4 v0x7f99b4f16320_0;
    %parti/s 16, 32, 7;
    %load/vec4 v0x7f99b4f15dd0_0;
    %parti/s 16, 176, 9;
    %mul;
    %add;
    %ix/load 4, 8, 0;
    %flag_set/imm 4, 0;
    %shiftr/s 4;
    %pushi/vec4 0, 0, 1;
    %load/vec4 v0x7f99b4f16130_0;
    %concat/vec4; draw_concat_vec4
    %pad/s 16;
    %add;
    %pad/s 10;
    %assign/vec4 v0x7f99b4f16260_0, 0;
    %jmp T_2.14;
T_2.10 ;
    %load/vec4 v0x7f99b4f16080_0;
    %parti/s 16, 0, 2;
    %load/vec4 v0x7f99b4f15dd0_0;
    %parti/s 16, 192, 9;
    %mul;
    %load/vec4 v0x7f99b4f16080_0;
    %parti/s 16, 16, 6;
    %load/vec4 v0x7f99b4f15dd0_0;
    %parti/s 16, 208, 9;
    %mul;
    %add;
    %load/vec4 v0x7f99b4f16080_0;
    %parti/s 16, 32, 7;
    %load/vec4 v0x7f99b4f15dd0_0;
    %parti/s 16, 224, 9;
    %mul;
    %add;
    %ix/load 4, 8, 0;
    %flag_set/imm 4, 0;
    %shiftr/s 4;
    %pushi/vec4 0, 0, 1;
    %load/vec4 v0x7f99b4f15f30_0;
    %concat/vec4; draw_concat_vec4
    %pad/s 16;
    %add;
    %pad/s 11;
    %assign/vec4 v0x7f99b4f15fc0_0, 0;
    %load/vec4 v0x7f99b4f16320_0;
    %parti/s 16, 0, 2;
    %load/vec4 v0x7f99b4f15dd0_0;
    %parti/s 16, 192, 9;
    %mul;
    %load/vec4 v0x7f99b4f16320_0;
    %parti/s 16, 16, 6;
    %load/vec4 v0x7f99b4f15dd0_0;
    %parti/s 16, 208, 9;
    %mul;
    %add;
    %load/vec4 v0x7f99b4f16320_0;
    %parti/s 16, 32, 7;
    %load/vec4 v0x7f99b4f15dd0_0;
    %parti/s 16, 224, 9;
    %mul;
    %add;
    %ix/load 4, 8, 0;
    %flag_set/imm 4, 0;
    %shiftr/s 4;
    %pushi/vec4 0, 0, 1;
    %load/vec4 v0x7f99b4f16130_0;
    %concat/vec4; draw_concat_vec4
    %pad/s 16;
    %add;
    %pad/s 10;
    %assign/vec4 v0x7f99b4f16260_0, 0;
    %jmp T_2.14;
T_2.11 ;
    %load/vec4 v0x7f99b4f16080_0;
    %parti/s 16, 0, 2;
    %load/vec4 v0x7f99b4f15dd0_0;
    %parti/s 16, 240, 9;
    %mul;
    %load/vec4 v0x7f99b4f16080_0;
    %parti/s 16, 16, 6;
    %load/vec4 v0x7f99b4f15dd0_0;
    %parti/s 16, 256, 10;
    %mul;
    %add;
    %load/vec4 v0x7f99b4f16080_0;
    %parti/s 16, 32, 7;
    %load/vec4 v0x7f99b4f15dd0_0;
    %parti/s 16, 272, 10;
    %mul;
    %add;
    %ix/load 4, 8, 0;
    %flag_set/imm 4, 0;
    %shiftr/s 4;
    %pushi/vec4 0, 0, 1;
    %load/vec4 v0x7f99b4f15f30_0;
    %concat/vec4; draw_concat_vec4
    %pad/s 16;
    %add;
    %pad/s 11;
    %assign/vec4 v0x7f99b4f15fc0_0, 0;
    %load/vec4 v0x7f99b4f16320_0;
    %parti/s 16, 0, 2;
    %load/vec4 v0x7f99b4f15dd0_0;
    %parti/s 16, 240, 9;
    %mul;
    %load/vec4 v0x7f99b4f16320_0;
    %parti/s 16, 16, 6;
    %load/vec4 v0x7f99b4f15dd0_0;
    %parti/s 16, 256, 10;
    %mul;
    %add;
    %load/vec4 v0x7f99b4f16320_0;
    %parti/s 16, 32, 7;
    %load/vec4 v0x7f99b4f15dd0_0;
    %parti/s 16, 272, 10;
    %mul;
    %add;
    %ix/load 4, 8, 0;
    %flag_set/imm 4, 0;
    %shiftr/s 4;
    %pushi/vec4 0, 0, 1;
    %load/vec4 v0x7f99b4f16130_0;
    %concat/vec4; draw_concat_vec4
    %pad/s 16;
    %add;
    %pad/s 10;
    %assign/vec4 v0x7f99b4f16260_0, 0;
    %jmp T_2.14;
T_2.12 ;
    %load/vec4 v0x7f99b4f16080_0;
    %parti/s 16, 0, 2;
    %load/vec4 v0x7f99b4f15dd0_0;
    %parti/s 16, 288, 10;
    %mul;
    %load/vec4 v0x7f99b4f16080_0;
    %parti/s 16, 16, 6;
    %load/vec4 v0x7f99b4f15dd0_0;
    %parti/s 16, 304, 10;
    %mul;
    %add;
    %load/vec4 v0x7f99b4f16080_0;
    %parti/s 16, 32, 7;
    %load/vec4 v0x7f99b4f15dd0_0;
    %parti/s 16, 320, 10;
    %mul;
    %add;
    %ix/load 4, 8, 0;
    %flag_set/imm 4, 0;
    %shiftr/s 4;
    %pushi/vec4 0, 0, 1;
    %load/vec4 v0x7f99b4f15f30_0;
    %concat/vec4; draw_concat_vec4
    %pad/s 16;
    %add;
    %pad/s 11;
    %assign/vec4 v0x7f99b4f15fc0_0, 0;
    %load/vec4 v0x7f99b4f16320_0;
    %parti/s 16, 0, 2;
    %load/vec4 v0x7f99b4f15dd0_0;
    %parti/s 16, 288, 10;
    %mul;
    %load/vec4 v0x7f99b4f16320_0;
    %parti/s 16, 16, 6;
    %load/vec4 v0x7f99b4f15dd0_0;
    %parti/s 16, 304, 10;
    %mul;
    %add;
    %load/vec4 v0x7f99b4f16320_0;
    %parti/s 16, 32, 7;
    %load/vec4 v0x7f99b4f15dd0_0;
    %parti/s 16, 320, 10;
    %mul;
    %add;
    %ix/load 4, 8, 0;
    %flag_set/imm 4, 0;
    %shiftr/s 4;
    %pushi/vec4 0, 0, 1;
    %load/vec4 v0x7f99b4f16130_0;
    %concat/vec4; draw_concat_vec4
    %pad/s 16;
    %add;
    %pad/s 10;
    %assign/vec4 v0x7f99b4f16260_0, 0;
    %jmp T_2.14;
T_2.13 ;
    %load/vec4 v0x7f99b4f16080_0;
    %parti/s 16, 0, 2;
    %load/vec4 v0x7f99b4f15dd0_0;
    %parti/s 16, 336, 10;
    %mul;
    %load/vec4 v0x7f99b4f16080_0;
    %parti/s 16, 16, 6;
    %load/vec4 v0x7f99b4f15dd0_0;
    %parti/s 16, 352, 10;
    %mul;
    %add;
    %load/vec4 v0x7f99b4f16080_0;
    %parti/s 16, 32, 7;
    %load/vec4 v0x7f99b4f15dd0_0;
    %parti/s 16, 368, 10;
    %mul;
    %add;
    %ix/load 4, 8, 0;
    %flag_set/imm 4, 0;
    %shiftr/s 4;
    %pushi/vec4 0, 0, 1;
    %load/vec4 v0x7f99b4f15f30_0;
    %concat/vec4; draw_concat_vec4
    %pad/s 16;
    %add;
    %pad/s 11;
    %assign/vec4 v0x7f99b4f15fc0_0, 0;
    %load/vec4 v0x7f99b4f16320_0;
    %parti/s 16, 0, 2;
    %load/vec4 v0x7f99b4f15dd0_0;
    %parti/s 16, 336, 10;
    %mul;
    %load/vec4 v0x7f99b4f16320_0;
    %parti/s 16, 16, 6;
    %load/vec4 v0x7f99b4f15dd0_0;
    %parti/s 16, 352, 10;
    %mul;
    %add;
    %load/vec4 v0x7f99b4f16320_0;
    %parti/s 16, 32, 7;
    %load/vec4 v0x7f99b4f15dd0_0;
    %parti/s 16, 368, 10;
    %mul;
    %add;
    %ix/load 4, 8, 0;
    %flag_set/imm 4, 0;
    %shiftr/s 4;
    %pushi/vec4 0, 0, 1;
    %load/vec4 v0x7f99b4f16130_0;
    %concat/vec4; draw_concat_vec4
    %pad/s 16;
    %add;
    %pad/s 10;
    %assign/vec4 v0x7f99b4f16260_0, 0;
    %jmp T_2.14;
T_2.14 ;
    %pop/vec4 1;
T_2.1 ;
    %jmp T_2;
    .thread T_2;
    .scope S_0x7f99b4f044b0;
T_3 ;
    %delay 5000, 0;
    %load/vec4 v0x7f99b4f16470_0;
    %nor/r;
    %store/vec4 v0x7f99b4f16470_0, 0, 1;
    %jmp T_3;
    .thread T_3;
    .scope S_0x7f99b4f044b0;
T_4 ;
    %vpi_call/w 3 52 "$dumpfile", "line_gen_stream.vcd" {0 0 0};
    %vpi_call/w 3 53 "$dumpvars", 32'sb00000000000000000000000000000000, S_0x7f99b4f044b0 {0 0 0};
    %vpi_call/w 3 54 "$display", "Starting Sim" {0 0 0};
    %pushi/vec4 0, 0, 1;
    %store/vec4 v0x7f99b4f16470_0, 0, 1;
    %pushi/vec4 0, 0, 1;
    %store/vec4 v0x7f99b4f166b0_0, 0, 1;
    %pushi/vec4 0, 0, 48;
    %store/vec4 v0x7f99b4f16970_0, 0, 48;
    %pushi/vec4 0, 0, 48;
    %store/vec4 v0x7f99b4f16cb0_0, 0, 48;
    %pushi/vec4 0, 0, 11;
    %store/vec4 v0x7f99b4f16850_0, 0, 11;
    %pushi/vec4 0, 0, 10;
    %store/vec4 v0x7f99b4f16b50_0, 0, 10;
    %delay 10000, 0;
    %pushi/vec4 1, 0, 1;
    %store/vec4 v0x7f99b4f166b0_0, 0, 1;
    %delay 10000, 0;
    %pushi/vec4 0, 0, 1;
    %store/vec4 v0x7f99b4f166b0_0, 0, 1;
    %pushi/vec4 3221356546, 0, 46;
    %concati/vec4 1, 0, 2;
    %store/vec4 v0x7f99b4f16970_0, 0, 48;
    %pushi/vec4 2684370944, 0, 45;
    %concati/vec4 4, 0, 3;
    %store/vec4 v0x7f99b4f16cb0_0, 0, 48;
    %pushi/vec4 1, 0, 1;
    %store/vec4 v0x7f99b4f16550_0, 0, 1;
    %delay 60000000, 0;
    %vpi_call/w 3 70 "$display", "Finishing Sim" {0 0 0};
    %vpi_call/w 3 71 "$finish" {0 0 0};
    %end;
    .thread T_4;
# The file index is used to find the file name in the following table.
:file_names 6;
    "N/A";
    "<interactive>";
    "-";
    "sim/line_gen_stream_tb.sv";
    "src/line_gen.sv";
    "src/projection.sv";
