Copyright 1986-2022 Xilinx, Inc. All Rights Reserved.
----------------------------------------------------------------------------------------------------
| Tool Version : Vivado v.2022.1 (lin64) Build 3526262 Mon Apr 18 15:47:01 MDT 2022
| Date         : Tue Dec 13 22:48:48 2022
| Host         : EECS-DIGITAL-02 running 64-bit Ubuntu 20.04.5 LTS
| Command      : report_timing_summary -file /tmp/tmp.zdfiin/obj/placerpt_report_timing_summary.rpt
| Design       : top_level
| Device       : 7a100t-csg324
| Speed File   : -1  PRODUCTION 1.23 2018-06-13
----------------------------------------------------------------------------------------------------

Timing Summary Report

------------------------------------------------------------------------------------------------
| Timer Settings
| --------------
------------------------------------------------------------------------------------------------

  Enable Multi Corner Analysis               :  Yes
  Enable Pessimism Removal                   :  Yes
  Pessimism Removal Resolution               :  Nearest Common Node
  Enable Input Delay Default Clock           :  No
  Enable Preset / Clear Arcs                 :  No
  Disable Flight Delays                      :  No
  Ignore I/O Paths                           :  No
  Timing Early Launch at Borrowing Latches   :  No
  Borrow Time for Max Delay Exceptions       :  Yes
  Merge Timing Exceptions                    :  Yes

  Corner  Analyze    Analyze    
  Name    Max Paths  Min Paths  
  ------  ---------  ---------  
  Slow    Yes        Yes        
  Fast    Yes        Yes        


------------------------------------------------------------------------------------------------
| Report Methodology
| ------------------
------------------------------------------------------------------------------------------------

No report available as report_methodology has not been run prior. Run report_methodology on the current design for the summary of methodology violations.



check_timing report

Table of Contents
-----------------
1. checking no_clock (52)
2. checking constant_clock (0)
3. checking pulse_width_clock (0)
4. checking unconstrained_internal_endpoints (40)
5. checking no_input_delay (32)
6. checking no_output_delay (31)
7. checking multiple_clock (0)
8. checking generated_clocks (0)
9. checking loops (0)
10. checking partial_input_delay (0)
11. checking partial_output_delay (0)
12. checking latch_loops (0)

1. checking no_clock (52)
-------------------------
 There are 20 register/latch pins with no clock driven by root clock pin: cam_clk_in_reg/Q (HIGH)

 There are 4 register/latch pins with no clock driven by root clock pin: mssc/segment_state_reg[0]/Q (HIGH)

 There are 4 register/latch pins with no clock driven by root clock pin: mssc/segment_state_reg[1]/Q (HIGH)

 There are 4 register/latch pins with no clock driven by root clock pin: mssc/segment_state_reg[2]/Q (HIGH)

 There are 4 register/latch pins with no clock driven by root clock pin: mssc/segment_state_reg[3]/Q (HIGH)

 There are 4 register/latch pins with no clock driven by root clock pin: mssc/segment_state_reg[4]/Q (HIGH)

 There are 4 register/latch pins with no clock driven by root clock pin: mssc/segment_state_reg[5]/Q (HIGH)

 There are 4 register/latch pins with no clock driven by root clock pin: mssc/segment_state_reg[6]/Q (HIGH)

 There are 4 register/latch pins with no clock driven by root clock pin: mssc/segment_state_reg[7]/Q (HIGH)


2. checking constant_clock (0)
------------------------------
 There are 0 register/latch pins with constant_clock.


3. checking pulse_width_clock (0)
---------------------------------
 There are 0 register/latch pins which need pulse_width check


4. checking unconstrained_internal_endpoints (40)
-------------------------------------------------
 There are 40 pins that are not constrained for maximum delay. (HIGH)

 There are 0 pins that are not constrained for maximum delay due to constant clock.


5. checking no_input_delay (32)
-------------------------------
 There are 32 input ports with no input delay specified. (HIGH)

 There are 0 input ports with no input delay but user has a false path constraint.


6. checking no_output_delay (31)
--------------------------------
 There are 31 ports with no output delay specified. (HIGH)

 There are 0 ports with no output delay but user has a false path constraint

 There are 0 ports with no output delay but with a timing clock defined on it or propagating through it


7. checking multiple_clock (0)
------------------------------
 There are 0 register/latch pins with multiple clocks.


8. checking generated_clocks (0)
--------------------------------
 There are 0 generated clocks that are not connected to a clock source.


9. checking loops (0)
---------------------
 There are 0 combinational loops in the design.


10. checking partial_input_delay (0)
------------------------------------
 There are 0 input ports with partial input delay specified.


11. checking partial_output_delay (0)
-------------------------------------
 There are 0 ports with partial output delay specified.


12. checking latch_loops (0)
----------------------------
 There are 0 combinational latch loops in the design through latch input



------------------------------------------------------------------------------------------------
| Design Timing Summary
| ---------------------
------------------------------------------------------------------------------------------------

    WNS(ns)      TNS(ns)  TNS Failing Endpoints  TNS Total Endpoints      WHS(ns)      THS(ns)  THS Failing Endpoints  THS Total Endpoints     WPWS(ns)     TPWS(ns)  TPWS Failing Endpoints  TPWS Total Endpoints  
    -------      -------  ---------------------  -------------------      -------      -------  ---------------------  -------------------     --------     --------  ----------------------  --------------------  
      2.547        0.000                      0                10502       -0.041       -0.106                      3                10502        3.000        0.000                       0                  4558  


Timing constraints are not met.


------------------------------------------------------------------------------------------------
| Clock Summary
| -------------
------------------------------------------------------------------------------------------------

Clock                 Waveform(ns)       Period(ns)      Frequency(MHz)
-----                 ------------       ----------      --------------
sys_clk_pin           {0.000 5.000}      10.000          100.000         
  clk_out1_clk_wiz_0  {0.000 7.692}      15.385          65.000          
  clkfbout_clk_wiz_0  {0.000 25.000}     50.000          20.000          


------------------------------------------------------------------------------------------------
| Intra Clock Table
| -----------------
------------------------------------------------------------------------------------------------

Clock                     WNS(ns)      TNS(ns)  TNS Failing Endpoints  TNS Total Endpoints      WHS(ns)      THS(ns)  THS Failing Endpoints  THS Total Endpoints     WPWS(ns)     TPWS(ns)  TPWS Failing Endpoints  TPWS Total Endpoints  
-----                     -------      -------  ---------------------  -------------------      -------      -------  ---------------------  -------------------     --------     --------  ----------------------  --------------------  
sys_clk_pin                                                                                                                                                             3.000        0.000                       0                     1  
  clk_out1_clk_wiz_0        2.547        0.000                      0                10502       -0.041       -0.106                      3                10502        6.712        0.000                       0                  4554  
  clkfbout_clk_wiz_0                                                                                                                                                   47.845        0.000                       0                     3  


------------------------------------------------------------------------------------------------
| Inter Clock Table
| -----------------
------------------------------------------------------------------------------------------------

From Clock    To Clock          WNS(ns)      TNS(ns)  TNS Failing Endpoints  TNS Total Endpoints      WHS(ns)      THS(ns)  THS Failing Endpoints  THS Total Endpoints  
----------    --------          -------      -------  ---------------------  -------------------      -------      -------  ---------------------  -------------------  


------------------------------------------------------------------------------------------------
| Other Path Groups Table
| -----------------------
------------------------------------------------------------------------------------------------

Path Group    From Clock    To Clock          WNS(ns)      TNS(ns)  TNS Failing Endpoints  TNS Total Endpoints      WHS(ns)      THS(ns)  THS Failing Endpoints  THS Total Endpoints  
----------    ----------    --------          -------      -------  ---------------------  -------------------      -------      -------  ---------------------  -------------------  


------------------------------------------------------------------------------------------------
| Timing Details
| --------------
------------------------------------------------------------------------------------------------


---------------------------------------------------------------------------------------------------
From Clock:  sys_clk_pin
  To Clock:  sys_clk_pin

Setup :           NA  Failing Endpoints,  Worst Slack           NA  ,  Total Violation           NA
Hold  :           NA  Failing Endpoints,  Worst Slack           NA  ,  Total Violation           NA
PW    :            0  Failing Endpoints,  Worst Slack        3.000ns,  Total Violation        0.000ns
---------------------------------------------------------------------------------------------------


Pulse Width Checks
--------------------------------------------------------------------------------------
Clock Name:         sys_clk_pin
Waveform(ns):       { 0.000 5.000 }
Period(ns):         10.000
Sources:            { clk_100mhz }

Check Type        Corner  Lib Pin            Reference Pin  Required(ns)  Actual(ns)  Slack(ns)  Location         Pin
Min Period        n/a     MMCME2_ADV/CLKIN1  n/a            1.249         10.000      8.751      MMCME2_ADV_X1Y2  clk_gen/mmcm_adv_inst/CLKIN1
Max Period        n/a     MMCME2_ADV/CLKIN1  n/a            100.000       10.000      90.000     MMCME2_ADV_X1Y2  clk_gen/mmcm_adv_inst/CLKIN1
Low Pulse Width   Slow    MMCME2_ADV/CLKIN1  n/a            2.000         5.000       3.000      MMCME2_ADV_X1Y2  clk_gen/mmcm_adv_inst/CLKIN1
High Pulse Width  Slow    MMCME2_ADV/CLKIN1  n/a            2.000         5.000       3.000      MMCME2_ADV_X1Y2  clk_gen/mmcm_adv_inst/CLKIN1



---------------------------------------------------------------------------------------------------
From Clock:  clk_out1_clk_wiz_0
  To Clock:  clk_out1_clk_wiz_0

Setup :            0  Failing Endpoints,  Worst Slack        2.547ns,  Total Violation        0.000ns
Hold  :            3  Failing Endpoints,  Worst Slack       -0.041ns,  Total Violation       -0.106ns
PW    :            0  Failing Endpoints,  Worst Slack        6.712ns,  Total Violation        0.000ns
---------------------------------------------------------------------------------------------------


Max Delay Paths
--------------------------------------------------------------------------------------
Slack (MET) :             2.547ns  (required time - arrival time)
  Source:                 p_manager/addra1__0/CLK
                            (rising edge-triggered cell DSP48E1 clocked by clk_out1_clk_wiz_0  {rise@0.000ns fall@7.692ns period=15.385ns})
  Destination:            p_manager/pixels_0/BRAM_reg_0_1/ENARDEN
                            (rising edge-triggered cell RAMB36E1 clocked by clk_out1_clk_wiz_0  {rise@0.000ns fall@7.692ns period=15.385ns})
  Path Group:             clk_out1_clk_wiz_0
  Path Type:              Setup (Max at Slow Process Corner)
  Requirement:            15.385ns  (clk_out1_clk_wiz_0 rise@15.385ns - clk_out1_clk_wiz_0 rise@0.000ns)
  Data Path Delay:        11.886ns  (logic 4.601ns (38.709%)  route 7.285ns (61.291%))
  Logic Levels:           3  (LUT3=1 LUT4=1 LUT6=1)
  Clock Path Skew:        -0.176ns (DCD - SCD + CPR)
    Destination Clock Delay (DCD):    -1.375ns = ( 14.010 - 15.385 ) 
    Source Clock Delay      (SCD):    -0.726ns
    Clock Pessimism Removal (CPR):    0.473ns
  Clock Uncertainty:      0.130ns  ((TSJ^2 + DJ^2)^1/2) / 2 + PE
    Total System Jitter     (TSJ):    0.071ns
    Discrete Jitter          (DJ):    0.251ns
    Phase Error              (PE):    0.000ns

    Location             Delay type                Incr(ns)  Path(ns)    Netlist Resource(s)
  -------------------------------------------------------------------    -------------------
                         (clock clk_out1_clk_wiz_0 rise edge)
                                                      0.000     0.000 r  
    E3                                                0.000     0.000 r  clk_100mhz (IN)
                         net (fo=0)                   0.000     0.000    clk_gen/clk_100mhz
    E3                   IBUF (Prop_ibuf_I_O)         1.482     1.482 r  clk_gen/clkin1_ibufg/O
                         net (fo=1, estimated)        1.233     2.715    clk_gen/clk_in1_clk_wiz_0
    MMCME2_ADV_X1Y2      MMCME2_ADV (Prop_mmcme2_adv_CLKIN1_CLKOUT0)
                                                     -7.154    -4.439 r  clk_gen/mmcm_adv_inst/CLKOUT0
                         net (fo=1, estimated)        1.719    -2.720    clk_gen/clk_out1_clk_wiz_0
    BUFGCTRL_X0Y16       BUFG (Prop_bufg_I_O)         0.096    -2.624 r  clk_gen/clkout1_buf/O
                         net (fo=4559, estimated)     1.899    -0.726    p_manager/clk_65mhz
    DSP48_X0Y12          DSP48E1                                      r  p_manager/addra1__0/CLK
  -------------------------------------------------------------------    -------------------
    DSP48_X0Y12          DSP48E1 (Prop_dsp48e1_CLK_P[18])
                                                      4.009     3.283 f  p_manager/addra1__0/P[18]
                         net (fo=3, estimated)        1.596     4.879    p_manager/pixels_0/P[18]
    SLICE_X10Y47         LUT4 (Prop_lut4_I0_O)        0.146     5.025 f  p_manager/pixels_0/BRAM_mux_sel_a_pos_0__0_i_1__0/O
                         net (fo=11, estimated)       0.649     5.674    p_manager/pixels_0/BRAM_mux_sel_a_pos_0__0_i_1__0_n_0
    SLICE_X9Y47          LUT6 (Prop_lut6_I0_O)        0.328     6.002 r  p_manager/pixels_0/BRAM_reg_0_0_i_1__0/O
                         net (fo=5, estimated)        1.815     7.817    p_manager/pixels_0/BRAM_reg_0_0_i_1__0_n_0
    SLICE_X9Y75          LUT3 (Prop_lut3_I2_O)        0.118     7.935 r  p_manager/pixels_0/BRAM_reg_0_1_ENARDEN_cooolgate_en_gate_43/O
                         net (fo=1, estimated)        3.225    11.160    p_manager/pixels_0/BRAM_reg_0_1_ENARDEN_cooolgate_en_sig_26
    RAMB36_X0Y32         RAMB36E1                                     r  p_manager/pixels_0/BRAM_reg_0_1/ENARDEN
  -------------------------------------------------------------------    -------------------

                         (clock clk_out1_clk_wiz_0 rise edge)
                                                     15.385    15.385 r  
    E3                                                0.000    15.385 r  clk_100mhz (IN)
                         net (fo=0)                   0.000    15.385    clk_gen/clk_100mhz
    E3                   IBUF (Prop_ibuf_I_O)         1.411    16.796 r  clk_gen/clkin1_ibufg/O
                         net (fo=1, estimated)        1.171    17.967    clk_gen/clk_in1_clk_wiz_0
    MMCME2_ADV_X1Y2      MMCME2_ADV (Prop_mmcme2_adv_CLKIN1_CLKOUT0)
                                                     -7.404    10.563 r  clk_gen/mmcm_adv_inst/CLKOUT0
                         net (fo=1, estimated)        1.633    12.196    clk_gen/clk_out1_clk_wiz_0
    BUFGCTRL_X0Y16       BUFG (Prop_bufg_I_O)         0.091    12.287 r  clk_gen/clkout1_buf/O
                         net (fo=4559, estimated)     1.722    14.010    p_manager/pixels_0/clk_65mhz
    RAMB36_X0Y32         RAMB36E1                                     r  p_manager/pixels_0/BRAM_reg_0_1/CLKARDCLK
                         clock pessimism              0.473    14.483    
                         clock uncertainty           -0.130    14.353    
    RAMB36_X0Y32         RAMB36E1 (Setup_ramb36e1_CLKARDCLK_ENARDEN)
                                                     -0.645    13.708    p_manager/pixels_0/BRAM_reg_0_1
  -------------------------------------------------------------------
                         required time                         13.708    
                         arrival time                         -11.160    
  -------------------------------------------------------------------
                         slack                                  2.547    





Min Delay Paths
--------------------------------------------------------------------------------------
Slack (VIOLATED) :        -0.041ns  (arrival time - required time)
  Source:                 genblk1[0].filterm/mconv/data_valid_out_reg/C
                            (rising edge-triggered cell FDRE clocked by clk_out1_clk_wiz_0  {rise@0.000ns fall@7.692ns period=15.385ns})
  Destination:            rotate_m/valid_pipe_reg_srl2/D
                            (rising edge-triggered cell SRL16E clocked by clk_out1_clk_wiz_0  {rise@0.000ns fall@7.692ns period=15.385ns})
  Path Group:             clk_out1_clk_wiz_0
  Path Type:              Hold (Min at Fast Process Corner)
  Requirement:            0.000ns  (clk_out1_clk_wiz_0 rise@0.000ns - clk_out1_clk_wiz_0 rise@0.000ns)
  Data Path Delay:        0.339ns  (logic 0.141ns (41.631%)  route 0.198ns (58.369%))
  Logic Levels:           0  
  Clock Path Skew:        0.263ns (DCD - SCD - CPR)
    Destination Clock Delay (DCD):    -0.831ns
    Source Clock Delay      (SCD):    -0.575ns
    Clock Pessimism Removal (CPR):    -0.520ns

    Location             Delay type                Incr(ns)  Path(ns)    Netlist Resource(s)
  -------------------------------------------------------------------    -------------------
                         (clock clk_out1_clk_wiz_0 rise edge)
                                                      0.000     0.000 r  
    E3                                                0.000     0.000 r  clk_100mhz (IN)
                         net (fo=0)                   0.000     0.000    clk_gen/clk_100mhz
    E3                   IBUF (Prop_ibuf_I_O)         0.250     0.250 r  clk_gen/clkin1_ibufg/O
                         net (fo=1, estimated)        0.520     0.769    clk_gen/clk_in1_clk_wiz_0
    MMCME2_ADV_X1Y2      MMCME2_ADV (Prop_mmcme2_adv_CLKIN1_CLKOUT0)
                                                     -2.648    -1.878 r  clk_gen/mmcm_adv_inst/CLKOUT0
                         net (fo=1, estimated)        0.725    -1.154    clk_gen/clk_out1_clk_wiz_0
    BUFGCTRL_X0Y16       BUFG (Prop_bufg_I_O)         0.026    -1.128 r  clk_gen/clkout1_buf/O
                         net (fo=4559, estimated)     0.553    -0.575    genblk1[0].filterm/mconv/clkb
    SLICE_X52Y77         FDRE                                         r  genblk1[0].filterm/mconv/data_valid_out_reg/C
  -------------------------------------------------------------------    -------------------
    SLICE_X52Y77         FDRE (Prop_fdre_C_Q)         0.141    -0.434 r  genblk1[0].filterm/mconv/data_valid_out_reg/Q
                         net (fo=1, estimated)        0.198    -0.236    rotate_m/data_valid_f[0]
    SLICE_X50Y77         SRL16E                                       r  rotate_m/valid_pipe_reg_srl2/D
  -------------------------------------------------------------------    -------------------

                         (clock clk_out1_clk_wiz_0 rise edge)
                                                      0.000     0.000 r  
    E3                                                0.000     0.000 r  clk_100mhz (IN)
                         net (fo=0)                   0.000     0.000    clk_gen/clk_100mhz
    E3                   IBUF (Prop_ibuf_I_O)         0.438     0.438 r  clk_gen/clkin1_ibufg/O
                         net (fo=1, estimated)        0.547     0.985    clk_gen/clk_in1_clk_wiz_0
    MMCME2_ADV_X1Y2      MMCME2_ADV (Prop_mmcme2_adv_CLKIN1_CLKOUT0)
                                                     -3.429    -2.444 r  clk_gen/mmcm_adv_inst/CLKOUT0
                         net (fo=1, estimated)        0.763    -1.681    clk_gen/clk_out1_clk_wiz_0
    BUFGCTRL_X0Y16       BUFG (Prop_bufg_I_O)         0.029    -1.652 r  clk_gen/clkout1_buf/O
                         net (fo=4559, estimated)     0.821    -0.831    rotate_m/clk_65mhz
    SLICE_X50Y77         SRL16E                                       r  rotate_m/valid_pipe_reg_srl2/CLK
                         clock pessimism              0.520    -0.312    
    SLICE_X50Y77         SRL16E (Hold_srl16e_CLK_D)
                                                      0.117    -0.195    rotate_m/valid_pipe_reg_srl2
  -------------------------------------------------------------------
                         required time                          0.195    
                         arrival time                          -0.236    
  -------------------------------------------------------------------
                         slack                                 -0.041    





Pulse Width Checks
--------------------------------------------------------------------------------------
Clock Name:         clk_out1_clk_wiz_0
Waveform(ns):       { 0.000 7.692 }
Period(ns):         15.385
Sources:            { clk_gen/mmcm_adv_inst/CLKOUT0 }

Check Type        Corner  Lib Pin             Reference Pin  Required(ns)  Actual(ns)  Slack(ns)  Location         Pin
Min Period        n/a     DSP48E1/CLK         n/a            3.884         15.385      11.501     DSP48_X2Y19      filtern/mconv/multiplied_blue_cache_reg[0][0]/CLK
Max Period        n/a     MMCME2_ADV/CLKOUT0  n/a            213.360       15.385      197.975    MMCME2_ADV_X1Y2  clk_gen/mmcm_adv_inst/CLKOUT0
Low Pulse Width   Slow    SRLC32E/CLK         n/a            0.980         7.692       6.712      SLICE_X50Y51     blank_pipe_reg[24]_srl26/CLK
High Pulse Width  Slow    SRLC32E/CLK         n/a            0.980         7.692       6.712      SLICE_X50Y51     blank_pipe_reg[24]_srl26/CLK



---------------------------------------------------------------------------------------------------
From Clock:  clkfbout_clk_wiz_0
  To Clock:  clkfbout_clk_wiz_0

Setup :           NA  Failing Endpoints,  Worst Slack           NA  ,  Total Violation           NA
Hold  :           NA  Failing Endpoints,  Worst Slack           NA  ,  Total Violation           NA
PW    :            0  Failing Endpoints,  Worst Slack       47.845ns,  Total Violation        0.000ns
---------------------------------------------------------------------------------------------------


Pulse Width Checks
--------------------------------------------------------------------------------------
Clock Name:         clkfbout_clk_wiz_0
Waveform(ns):       { 0.000 25.000 }
Period(ns):         50.000
Sources:            { clk_gen/mmcm_adv_inst/CLKFBOUT }

Check Type  Corner  Lib Pin             Reference Pin  Required(ns)  Actual(ns)  Slack(ns)  Location         Pin
Min Period  n/a     BUFG/I              n/a            2.155         50.000      47.845     BUFGCTRL_X0Y17   clk_gen/clkf_buf/I
Max Period  n/a     MMCME2_ADV/CLKFBIN  n/a            100.000       50.000      50.000     MMCME2_ADV_X1Y2  clk_gen/mmcm_adv_inst/CLKFBIN



