Copyright 1986-2022 Xilinx, Inc. All Rights Reserved.
----------------------------------------------------------------------------------------------
| Tool Version     : Vivado v.2022.1 (lin64) Build 3526262 Mon Apr 18 15:47:01 MDT 2022
| Date             : Tue Dec 13 22:49:30 2022
| Host             : EECS-DIGITAL-02 running 64-bit Ubuntu 20.04.5 LTS
| Command          : report_power -file /tmp/tmp.zdfiin/obj/routerpt_report_power.rpt
| Design           : top_level
| Device           : xc7a100tcsg324-1
| Design State     : routed
| Grade            : commercial
| Process          : typical
| Characterization : Production
----------------------------------------------------------------------------------------------

Power Report

Table of Contents
-----------------
1. Summary
1.1 On-Chip Components
1.2 Power Supply Summary
1.3 Confidence Level
2. Settings
2.1 Environment
2.2 Clock Constraints
3. Detailed Reports
3.1 By Hierarchy

1. Summary
----------

+--------------------------+--------------+
| Total On-Chip Power (W)  | 0.334        |
| Design Power Budget (W)  | Unspecified* |
| Power Budget Margin (W)  | NA           |
| Dynamic (W)              | 0.230        |
| Device Static (W)        | 0.103        |
| Effective TJA (C/W)      | 4.6          |
| Max Ambient (C)          | 83.5         |
| Junction Temperature (C) | 26.5         |
| Confidence Level         | Low          |
| Setting File             | ---          |
| Simulation Activity File | ---          |
| Design Nets Matched      | NA           |
+--------------------------+--------------+
* Specify Design Power Budget using, set_operating_conditions -design_power_budget <value in Watts>


1.1 On-Chip Components
----------------------

+-------------------------+-----------+----------+-----------+-----------------+
| On-Chip                 | Power (W) | Used     | Available | Utilization (%) |
+-------------------------+-----------+----------+-----------+-----------------+
| Clocks                  |     0.014 |        5 |       --- |             --- |
| Slice Logic             |     0.012 |    10223 |       --- |             --- |
|   LUT as Logic          |     0.010 |     3340 |     63400 |            5.27 |
|   CARRY4                |     0.002 |      741 |     15850 |            4.68 |
|   Register              |    <0.001 |     4264 |    126800 |            3.36 |
|   LUT as Shift Register |    <0.001 |       50 |     19000 |            0.26 |
|   F7/F8 Muxes           |    <0.001 |        3 |     63400 |           <0.01 |
|   Others                |     0.000 |      532 |       --- |             --- |
| Signals                 |     0.016 |     7682 |       --- |             --- |
| Block RAM               |     0.041 |      115 |       135 |           85.19 |
| MMCM                    |     0.122 |        1 |         6 |           16.67 |
| DSPs                    |     0.006 |       26 |       240 |           10.83 |
| I/O                     |     0.019 |       80 |       210 |           38.10 |
| Static Power            |     0.103 |          |           |                 |
| Total                   |     0.334 |          |           |                 |
+-------------------------+-----------+----------+-----------+-----------------+


1.2 Power Supply Summary
------------------------

+-----------+-------------+-----------+-------------+------------+-------------+-------------+------------+
| Source    | Voltage (V) | Total (A) | Dynamic (A) | Static (A) | Powerup (A) | Budget (A)  | Margin (A) |
+-----------+-------------+-----------+-------------+------------+-------------+-------------+------------+
| Vccint    |       1.000 |     0.105 |       0.086 |      0.018 |       NA    | Unspecified | NA         |
| Vccaux    |       1.800 |     0.086 |       0.068 |      0.018 |       NA    | Unspecified | NA         |
| Vcco33    |       3.300 |     0.009 |       0.005 |      0.004 |       NA    | Unspecified | NA         |
| Vcco25    |       2.500 |     0.000 |       0.000 |      0.000 |       NA    | Unspecified | NA         |
| Vcco18    |       1.800 |     0.000 |       0.000 |      0.000 |       NA    | Unspecified | NA         |
| Vcco15    |       1.500 |     0.000 |       0.000 |      0.000 |       NA    | Unspecified | NA         |
| Vcco135   |       1.350 |     0.000 |       0.000 |      0.000 |       NA    | Unspecified | NA         |
| Vcco12    |       1.200 |     0.000 |       0.000 |      0.000 |       NA    | Unspecified | NA         |
| Vccaux_io |       1.800 |     0.000 |       0.000 |      0.000 |       NA    | Unspecified | NA         |
| Vccbram   |       1.000 |     0.006 |       0.003 |      0.003 |       NA    | Unspecified | NA         |
| MGTAVcc   |       1.000 |     0.000 |       0.000 |      0.000 |       NA    | Unspecified | NA         |
| MGTAVtt   |       1.200 |     0.000 |       0.000 |      0.000 |       NA    | Unspecified | NA         |
| Vccadc    |       1.800 |     0.020 |       0.000 |      0.020 |       NA    | Unspecified | NA         |
+-----------+-------------+-----------+-------------+------------+-------------+-------------+------------+


1.3 Confidence Level
--------------------

+-----------------------------+------------+--------------------------------------------------------+------------------------------------------------------------------------------------------------------------+
| User Input Data             | Confidence | Details                                                | Action                                                                                                     |
+-----------------------------+------------+--------------------------------------------------------+------------------------------------------------------------------------------------------------------------+
| Design implementation state | High       | Design is routed                                       |                                                                                                            |
| Clock nodes activity        | High       | User specified more than 95% of clocks                 |                                                                                                            |
| I/O nodes activity          | Low        | More than 75% of inputs are missing user specification | Provide missing input activity with simulation results or by editing the "By Resource Type -> I/Os" view   |
| Internal nodes activity     | Medium     | User specified less than 25% of internal nodes         | Provide missing internal nodes activity with simulation results or by editing the "By Resource Type" views |
| Device models               | High       | Device models are Production                           |                                                                                                            |
|                             |            |                                                        |                                                                                                            |
| Overall confidence level    | Low        |                                                        |                                                                                                            |
+-----------------------------+------------+--------------------------------------------------------+------------------------------------------------------------------------------------------------------------+


2. Settings
-----------

2.1 Environment
---------------

+-----------------------+--------------------------+
| Ambient Temp (C)      | 25.0                     |
| ThetaJA (C/W)         | 4.6                      |
| Airflow (LFM)         | 250                      |
| Heat Sink             | medium (Medium Profile)  |
| ThetaSA (C/W)         | 4.6                      |
| Board Selection       | medium (10"x10")         |
| # of Board Layers     | 12to15 (12 to 15 Layers) |
| Board Temperature (C) | 25.0                     |
+-----------------------+--------------------------+


2.2 Clock Constraints
---------------------

+--------------------+----------------------------+-----------------+
| Clock              | Domain                     | Constraint (ns) |
+--------------------+----------------------------+-----------------+
| clk_out1_clk_wiz_0 | clk_gen/clk_out1_clk_wiz_0 |            15.4 |
| clkfbout_clk_wiz_0 | clk_gen/clkfbout_clk_wiz_0 |            50.0 |
| sys_clk_pin        | clk_100mhz                 |            10.0 |
+--------------------+----------------------------+-----------------+


3. Detailed Reports
-------------------

3.1 By Hierarchy
----------------

+----------------------+-----------+
| Name                 | Power (W) |
+----------------------+-----------+
| top_level            |     0.230 |
|   blue_com_m         |     0.001 |
|   clk_gen            |     0.122 |
|   filtern            |     0.003 |
|     mbuff            |     0.001 |
|     mconv            |     0.002 |
|   frame_buffer       |     0.023 |
|   genblk1[0].filterm |     0.003 |
|     mbuff            |     0.003 |
|   green_com_m        |     0.001 |
|   liner              |     0.005 |
|   map                |     0.008 |
|   p_manager          |     0.014 |
|     pixels_0         |     0.004 |
|     pixels_1         |     0.004 |
|     pixels_2         |     0.004 |
|   point_load         |     0.005 |
|     point_load       |     0.005 |
|       image          |     0.005 |
|   purple_com_m       |     0.001 |
|   red_com_m          |     0.001 |
|   rgbtohsv_m         |     0.016 |
|     hue_div1         |     0.006 |
|       U0             |     0.006 |
|     hue_div2         |     0.008 |
|       U0             |     0.008 |
|   rotate_m           |     0.002 |
+----------------------+-----------+


